Copyright 1986-2018 Xilinx, Inc. All Rights Reserved.
-----------------------------------------------------------------------------------------------------------------------------------------------------------------------------
| Tool Version : Vivado v.2018.3 (win64) Build 2405991 Thu Dec  6 23:38:27 MST 2018
| Date         : Fri May 13 14:25:13 2022
| Host         : USER-20180123QP running 64-bit Service Pack 1  (build 7601)
| Command      : report_methodology -file top_lcd_touch_methodology_drc_routed.rpt -pb top_lcd_touch_methodology_drc_routed.pb -rpx top_lcd_touch_methodology_drc_routed.rpx
| Design       : top_lcd_touch
| Device       : xc7z010clg400-1
| Speed File   : -1
| Design State : Fully Routed
-----------------------------------------------------------------------------------------------------------------------------------------------------------------------------

Report Methodology

Table of Contents
-----------------
1. REPORT SUMMARY
2. REPORT DETAILS

1. REPORT SUMMARY
-----------------
            Netlist: netlist
          Floorplan: design_1
      Design limits: <entire design considered>
             Max violations: <unlimited>
             Violations found: 227
+-----------+----------+-------------------------------+------------+
| Rule      | Severity | Description                   | Violations |
+-----------+----------+-------------------------------+------------+
| LUTAR-1   | Warning  | LUT drives async reset alert  | 3          |
| TIMING-14 | Warning  | LUT on the clock tree         | 1          |
| TIMING-17 | Warning  | Non-clocked sequential cell   | 197        |
| TIMING-18 | Warning  | Missing input or output delay | 26         |
+-----------+----------+-------------------------------+------------+

2. REPORT DETAILS
-----------------
LUTAR-1#1 Warning
LUT drives async reset alert  
LUT cell u_touch_top/u_touch_dri/clk_25m_i_2, with 2 or more inputs, drives asynchronous preset/clear pin(s) u_lcd_rgb_char/u_clk_div/clk_12_5m_reg/CLR, u_lcd_rgb_char/u_clk_div/clk_25m_reg/CLR, u_lcd_rgb_char/u_rd_id/lcd_id_reg[12]/CLR, u_lcd_rgb_char/u_rd_id/lcd_id_reg[13]/CLR, u_lcd_rgb_char/u_rd_id/lcd_id_reg[14]/CLR, u_lcd_rgb_char/u_rd_id/lcd_id_reg[1]/CLR, u_lcd_rgb_char/u_rd_id/lcd_id_reg[2]/CLR, u_lcd_rgb_char/u_rd_id/lcd_id_reg[3]/CLR, u_lcd_rgb_char/u_rd_id/lcd_id_reg[4]/CLR, u_lcd_rgb_char/u_rd_id/lcd_id_reg[6]/CLR, u_lcd_rgb_char/u_rd_id/lcd_id_reg[7]/CLR, u_lcd_rgb_char/u_rd_id/lcd_id_reg[9]/CLR, u_lcd_rgb_char/u_rd_id/rd_flag_reg/CLR, u_lcd_rgb_char/u_lcd_display/pixel_data_reg[23]/CLR, u_lcd_rgb_char/u_lcd_driver/h_cnt_reg[0]/CLR (the first 15 of 99 listed). The LUT may glitch and trigger an unexpected reset, even if it is a properly timed path.
Related violations: <none>

LUTAR-1#2 Warning
LUT drives async reset alert  
LUT cell u_touch_top/u_touch_dri/clk_cnt[9]_i_2, with 2 or more inputs, drives asynchronous preset/clear pin(s) u_touch_top/u_i2c_dri_m/clk_cnt_reg[0]/CLR, u_touch_top/u_i2c_dri_m/clk_cnt_reg[1]/CLR, u_touch_top/u_i2c_dri_m/clk_cnt_reg[2]/CLR, u_touch_top/u_i2c_dri_m/clk_cnt_reg[3]/CLR, u_touch_top/u_i2c_dri_m/clk_cnt_reg[4]/CLR, u_touch_top/u_i2c_dri_m/clk_cnt_reg[5]/CLR, u_touch_top/u_i2c_dri_m/clk_cnt_reg[6]/CLR, u_touch_top/u_i2c_dri_m/clk_cnt_reg[7]/CLR, u_touch_top/u_i2c_dri_m/clk_cnt_reg[8]/CLR, u_touch_top/u_i2c_dri_m/clk_cnt_reg[9]/CLR, u_touch_top/u_i2c_dri_m/dri_clk_reg/PRE, u_touch_top/u_i2c_dri_m/scl_reg/PRE, u_touch_top/u_touch_dri/touch_int_out_reg/CLR, u_touch_top/u_touch_dri/touch_rst_n_reg/CLR, u_touch_top/u_touch_dri/tp_x_coord_reg[0]/CLR (the first 15 of 47 listed). The LUT may glitch and trigger an unexpected reset, even if it is a properly timed path.
Related violations: <none>

LUTAR-1#3 Warning
LUT drives async reset alert  
LUT cell u_touch_top/u_touch_dri/div_4_cnt_i_2, with 2 or more inputs, drives asynchronous preset/clear pin(s) u_lcd_rgb_char/u_clk_div/div_4_cnt_reg/CLR, u_touch_top/u_i2c_dri_m/ack_reg/CLR, u_touch_top/u_i2c_dri_m/cnt_reg[0]/CLR, u_touch_top/u_i2c_dri_m/cnt_reg[1]/CLR, u_touch_top/u_i2c_dri_m/cnt_reg[2]/CLR, u_touch_top/u_i2c_dri_m/cnt_reg[3]/CLR, u_touch_top/u_i2c_dri_m/cnt_reg[4]/CLR, u_touch_top/u_i2c_dri_m/cnt_reg[5]/CLR, u_touch_top/u_i2c_dri_m/cnt_reg[6]/CLR, u_touch_top/u_i2c_dri_m/cur_state_reg[1]/CLR, u_touch_top/u_i2c_dri_m/cur_state_reg[2]/CLR, u_touch_top/u_i2c_dri_m/cur_state_reg[3]/CLR, u_touch_top/u_i2c_dri_m/cur_state_reg[4]/CLR, u_touch_top/u_i2c_dri_m/cur_state_reg[5]/CLR, u_touch_top/u_i2c_dri_m/cur_state_reg[6]/CLR (the first 15 of 99 listed). The LUT may glitch and trigger an unexpected reset, even if it is a properly timed path.
Related violations: <none>

TIMING-14#1 Warning
LUT on the clock tree  
The LUT u_lcd_rgb_char/u_rd_id/lcd_clk_OBUF_inst_i_1 has been found on the clock tree. Run opt_design to optimize the clock trees, then re-run report_methodology. If LUT(s) are still present in the clock trees, modify the RTL or the synthesis options accordingly to move the clock gating logic to dedicated clock enable resources. Keep in mind that post-opt_design database cannot be used for pin-planning tasks
Related violations: <none>

TIMING-17#1 Warning
Non-clocked sequential cell  
The clock pin u_touch_top/u_i2c_dri_m/ack_reg/C is not reached by a timing clock
Related violations: <none>

TIMING-17#2 Warning
Non-clocked sequential cell  
The clock pin u_touch_top/u_i2c_dri_m/addr_t_reg[0]/C is not reached by a timing clock
Related violations: <none>

TIMING-17#3 Warning
Non-clocked sequential cell  
The clock pin u_touch_top/u_i2c_dri_m/addr_t_reg[1]/C is not reached by a timing clock
Related violations: <none>

TIMING-17#4 Warning
Non-clocked sequential cell  
The clock pin u_touch_top/u_i2c_dri_m/addr_t_reg[2]/C is not reached by a timing clock
Related violations: <none>

TIMING-17#5 Warning
Non-clocked sequential cell  
The clock pin u_touch_top/u_i2c_dri_m/addr_t_reg[3]/C is not reached by a timing clock
Related violations: <none>

TIMING-17#6 Warning
Non-clocked sequential cell  
The clock pin u_touch_top/u_i2c_dri_m/addr_t_reg[4]/C is not reached by a timing clock
Related violations: <none>

TIMING-17#7 Warning
Non-clocked sequential cell  
The clock pin u_touch_top/u_i2c_dri_m/addr_t_reg[5]/C is not reached by a timing clock
Related violations: <none>

TIMING-17#8 Warning
Non-clocked sequential cell  
The clock pin u_touch_top/u_i2c_dri_m/addr_t_reg[6]/C is not reached by a timing clock
Related violations: <none>

TIMING-17#9 Warning
Non-clocked sequential cell  
The clock pin u_touch_top/u_i2c_dri_m/addr_t_reg[7]/C is not reached by a timing clock
Related violations: <none>

TIMING-17#10 Warning
Non-clocked sequential cell  
The clock pin u_touch_top/u_i2c_dri_m/cnt_reg[0]/C is not reached by a timing clock
Related violations: <none>

TIMING-17#11 Warning
Non-clocked sequential cell  
The clock pin u_touch_top/u_i2c_dri_m/cnt_reg[1]/C is not reached by a timing clock
Related violations: <none>

TIMING-17#12 Warning
Non-clocked sequential cell  
The clock pin u_touch_top/u_i2c_dri_m/cnt_reg[2]/C is not reached by a timing clock
Related violations: <none>

TIMING-17#13 Warning
Non-clocked sequential cell  
The clock pin u_touch_top/u_i2c_dri_m/cnt_reg[3]/C is not reached by a timing clock
Related violations: <none>

TIMING-17#14 Warning
Non-clocked sequential cell  
The clock pin u_touch_top/u_i2c_dri_m/cnt_reg[4]/C is not reached by a timing clock
Related violations: <none>

TIMING-17#15 Warning
Non-clocked sequential cell  
The clock pin u_touch_top/u_i2c_dri_m/cnt_reg[5]/C is not reached by a timing clock
Related violations: <none>

TIMING-17#16 Warning
Non-clocked sequential cell  
The clock pin u_touch_top/u_i2c_dri_m/cnt_reg[6]/C is not reached by a timing clock
Related violations: <none>

TIMING-17#17 Warning
Non-clocked sequential cell  
The clock pin u_touch_top/u_i2c_dri_m/cur_state_reg[0]/C is not reached by a timing clock
Related violations: <none>

TIMING-17#18 Warning
Non-clocked sequential cell  
The clock pin u_touch_top/u_i2c_dri_m/cur_state_reg[1]/C is not reached by a timing clock
Related violations: <none>

TIMING-17#19 Warning
Non-clocked sequential cell  
The clock pin u_touch_top/u_i2c_dri_m/cur_state_reg[2]/C is not reached by a timing clock
Related violations: <none>

TIMING-17#20 Warning
Non-clocked sequential cell  
The clock pin u_touch_top/u_i2c_dri_m/cur_state_reg[3]/C is not reached by a timing clock
Related violations: <none>

TIMING-17#21 Warning
Non-clocked sequential cell  
The clock pin u_touch_top/u_i2c_dri_m/cur_state_reg[4]/C is not reached by a timing clock
Related violations: <none>

TIMING-17#22 Warning
Non-clocked sequential cell  
The clock pin u_touch_top/u_i2c_dri_m/cur_state_reg[5]/C is not reached by a timing clock
Related violations: <none>

TIMING-17#23 Warning
Non-clocked sequential cell  
The clock pin u_touch_top/u_i2c_dri_m/cur_state_reg[6]/C is not reached by a timing clock
Related violations: <none>

TIMING-17#24 Warning
Non-clocked sequential cell  
The clock pin u_touch_top/u_i2c_dri_m/cur_state_reg[7]/C is not reached by a timing clock
Related violations: <none>

TIMING-17#25 Warning
Non-clocked sequential cell  
The clock pin u_touch_top/u_i2c_dri_m/data_r_reg[0]/C is not reached by a timing clock
Related violations: <none>

TIMING-17#26 Warning
Non-clocked sequential cell  
The clock pin u_touch_top/u_i2c_dri_m/data_r_reg[1]/C is not reached by a timing clock
Related violations: <none>

TIMING-17#27 Warning
Non-clocked sequential cell  
The clock pin u_touch_top/u_i2c_dri_m/data_r_reg[2]/C is not reached by a timing clock
Related violations: <none>

TIMING-17#28 Warning
Non-clocked sequential cell  
The clock pin u_touch_top/u_i2c_dri_m/data_r_reg[3]/C is not reached by a timing clock
Related violations: <none>

TIMING-17#29 Warning
Non-clocked sequential cell  
The clock pin u_touch_top/u_i2c_dri_m/data_r_reg[4]/C is not reached by a timing clock
Related violations: <none>

TIMING-17#30 Warning
Non-clocked sequential cell  
The clock pin u_touch_top/u_i2c_dri_m/data_r_reg[5]/C is not reached by a timing clock
Related violations: <none>

TIMING-17#31 Warning
Non-clocked sequential cell  
The clock pin u_touch_top/u_i2c_dri_m/data_r_reg[6]/C is not reached by a timing clock
Related violations: <none>

TIMING-17#32 Warning
Non-clocked sequential cell  
The clock pin u_touch_top/u_i2c_dri_m/data_r_reg[7]/C is not reached by a timing clock
Related violations: <none>

TIMING-17#33 Warning
Non-clocked sequential cell  
The clock pin u_touch_top/u_i2c_dri_m/data_wr_t_reg[2]/C is not reached by a timing clock
Related violations: <none>

TIMING-17#34 Warning
Non-clocked sequential cell  
The clock pin u_touch_top/u_i2c_dri_m/data_wr_t_reg[3]/C is not reached by a timing clock
Related violations: <none>

TIMING-17#35 Warning
Non-clocked sequential cell  
The clock pin u_touch_top/u_i2c_dri_m/data_wr_t_reg[4]/C is not reached by a timing clock
Related violations: <none>

TIMING-17#36 Warning
Non-clocked sequential cell  
The clock pin u_touch_top/u_i2c_dri_m/i2c_data_r_reg[0]/C is not reached by a timing clock
Related violations: <none>

TIMING-17#37 Warning
Non-clocked sequential cell  
The clock pin u_touch_top/u_i2c_dri_m/i2c_data_r_reg[1]/C is not reached by a timing clock
Related violations: <none>

TIMING-17#38 Warning
Non-clocked sequential cell  
The clock pin u_touch_top/u_i2c_dri_m/i2c_data_r_reg[2]/C is not reached by a timing clock
Related violations: <none>

TIMING-17#39 Warning
Non-clocked sequential cell  
The clock pin u_touch_top/u_i2c_dri_m/i2c_data_r_reg[3]/C is not reached by a timing clock
Related violations: <none>

TIMING-17#40 Warning
Non-clocked sequential cell  
The clock pin u_touch_top/u_i2c_dri_m/i2c_data_r_reg[4]/C is not reached by a timing clock
Related violations: <none>

TIMING-17#41 Warning
Non-clocked sequential cell  
The clock pin u_touch_top/u_i2c_dri_m/i2c_data_r_reg[5]/C is not reached by a timing clock
Related violations: <none>

TIMING-17#42 Warning
Non-clocked sequential cell  
The clock pin u_touch_top/u_i2c_dri_m/i2c_data_r_reg[6]/C is not reached by a timing clock
Related violations: <none>

TIMING-17#43 Warning
Non-clocked sequential cell  
The clock pin u_touch_top/u_i2c_dri_m/i2c_data_r_reg[7]/C is not reached by a timing clock
Related violations: <none>

TIMING-17#44 Warning
Non-clocked sequential cell  
The clock pin u_touch_top/u_i2c_dri_m/i2c_done_reg/C is not reached by a timing clock
Related violations: <none>

TIMING-17#45 Warning
Non-clocked sequential cell  
The clock pin u_touch_top/u_i2c_dri_m/once_done_reg/C is not reached by a timing clock
Related violations: <none>

TIMING-17#46 Warning
Non-clocked sequential cell  
The clock pin u_touch_top/u_i2c_dri_m/reg_cnt_reg[0]/C is not reached by a timing clock
Related violations: <none>

TIMING-17#47 Warning
Non-clocked sequential cell  
The clock pin u_touch_top/u_i2c_dri_m/reg_cnt_reg[1]/C is not reached by a timing clock
Related violations: <none>

TIMING-17#48 Warning
Non-clocked sequential cell  
The clock pin u_touch_top/u_i2c_dri_m/reg_cnt_reg[2]/C is not reached by a timing clock
Related violations: <none>

TIMING-17#49 Warning
Non-clocked sequential cell  
The clock pin u_touch_top/u_i2c_dri_m/reg_cnt_reg[3]/C is not reached by a timing clock
Related violations: <none>

TIMING-17#50 Warning
Non-clocked sequential cell  
The clock pin u_touch_top/u_i2c_dri_m/reg_cnt_reg[4]/C is not reached by a timing clock
Related violations: <none>

TIMING-17#51 Warning
Non-clocked sequential cell  
The clock pin u_touch_top/u_i2c_dri_m/reg_cnt_reg[5]/C is not reached by a timing clock
Related violations: <none>

TIMING-17#52 Warning
Non-clocked sequential cell  
The clock pin u_touch_top/u_i2c_dri_m/reg_cnt_reg[6]/C is not reached by a timing clock
Related violations: <none>

TIMING-17#53 Warning
Non-clocked sequential cell  
The clock pin u_touch_top/u_i2c_dri_m/reg_cnt_reg[7]/C is not reached by a timing clock
Related violations: <none>

TIMING-17#54 Warning
Non-clocked sequential cell  
The clock pin u_touch_top/u_i2c_dri_m/scl_reg/C is not reached by a timing clock
Related violations: <none>

TIMING-17#55 Warning
Non-clocked sequential cell  
The clock pin u_touch_top/u_i2c_dri_m/sda_dir_reg/C is not reached by a timing clock
Related violations: <none>

TIMING-17#56 Warning
Non-clocked sequential cell  
The clock pin u_touch_top/u_i2c_dri_m/sda_out_reg/C is not reached by a timing clock
Related violations: <none>

TIMING-17#57 Warning
Non-clocked sequential cell  
The clock pin u_touch_top/u_i2c_dri_m/st_done_reg/C is not reached by a timing clock
Related violations: <none>

TIMING-17#58 Warning
Non-clocked sequential cell  
The clock pin u_touch_top/u_i2c_dri_m/wr_flag_reg/C is not reached by a timing clock
Related violations: <none>

TIMING-17#59 Warning
Non-clocked sequential cell  
The clock pin u_touch_top/u_touch_dri/chip_version_reg[0]/C is not reached by a timing clock
Related violations: <none>

TIMING-17#60 Warning
Non-clocked sequential cell  
The clock pin u_touch_top/u_touch_dri/chip_version_reg[10]/C is not reached by a timing clock
Related violations: <none>

TIMING-17#61 Warning
Non-clocked sequential cell  
The clock pin u_touch_top/u_touch_dri/chip_version_reg[11]/C is not reached by a timing clock
Related violations: <none>

TIMING-17#62 Warning
Non-clocked sequential cell  
The clock pin u_touch_top/u_touch_dri/chip_version_reg[12]/C is not reached by a timing clock
Related violations: <none>

TIMING-17#63 Warning
Non-clocked sequential cell  
The clock pin u_touch_top/u_touch_dri/chip_version_reg[13]/C is not reached by a timing clock
Related violations: <none>

TIMING-17#64 Warning
Non-clocked sequential cell  
The clock pin u_touch_top/u_touch_dri/chip_version_reg[14]/C is not reached by a timing clock
Related violations: <none>

TIMING-17#65 Warning
Non-clocked sequential cell  
The clock pin u_touch_top/u_touch_dri/chip_version_reg[15]/C is not reached by a timing clock
Related violations: <none>

TIMING-17#66 Warning
Non-clocked sequential cell  
The clock pin u_touch_top/u_touch_dri/chip_version_reg[1]/C is not reached by a timing clock
Related violations: <none>

TIMING-17#67 Warning
Non-clocked sequential cell  
The clock pin u_touch_top/u_touch_dri/chip_version_reg[2]/C is not reached by a timing clock
Related violations: <none>

TIMING-17#68 Warning
Non-clocked sequential cell  
The clock pin u_touch_top/u_touch_dri/chip_version_reg[3]/C is not reached by a timing clock
Related violations: <none>

TIMING-17#69 Warning
Non-clocked sequential cell  
The clock pin u_touch_top/u_touch_dri/chip_version_reg[4]/C is not reached by a timing clock
Related violations: <none>

TIMING-17#70 Warning
Non-clocked sequential cell  
The clock pin u_touch_top/u_touch_dri/chip_version_reg[5]/C is not reached by a timing clock
Related violations: <none>

TIMING-17#71 Warning
Non-clocked sequential cell  
The clock pin u_touch_top/u_touch_dri/chip_version_reg[6]/C is not reached by a timing clock
Related violations: <none>

TIMING-17#72 Warning
Non-clocked sequential cell  
The clock pin u_touch_top/u_touch_dri/chip_version_reg[7]/C is not reached by a timing clock
Related violations: <none>

TIMING-17#73 Warning
Non-clocked sequential cell  
The clock pin u_touch_top/u_touch_dri/chip_version_reg[8]/C is not reached by a timing clock
Related violations: <none>

TIMING-17#74 Warning
Non-clocked sequential cell  
The clock pin u_touch_top/u_touch_dri/chip_version_reg[9]/C is not reached by a timing clock
Related violations: <none>

TIMING-17#75 Warning
Non-clocked sequential cell  
The clock pin u_touch_top/u_touch_dri/cnt_1us_cnt_reg[0]/C is not reached by a timing clock
Related violations: <none>

TIMING-17#76 Warning
Non-clocked sequential cell  
The clock pin u_touch_top/u_touch_dri/cnt_1us_cnt_reg[10]/C is not reached by a timing clock
Related violations: <none>

TIMING-17#77 Warning
Non-clocked sequential cell  
The clock pin u_touch_top/u_touch_dri/cnt_1us_cnt_reg[11]/C is not reached by a timing clock
Related violations: <none>

TIMING-17#78 Warning
Non-clocked sequential cell  
The clock pin u_touch_top/u_touch_dri/cnt_1us_cnt_reg[12]/C is not reached by a timing clock
Related violations: <none>

TIMING-17#79 Warning
Non-clocked sequential cell  
The clock pin u_touch_top/u_touch_dri/cnt_1us_cnt_reg[13]/C is not reached by a timing clock
Related violations: <none>

TIMING-17#80 Warning
Non-clocked sequential cell  
The clock pin u_touch_top/u_touch_dri/cnt_1us_cnt_reg[14]/C is not reached by a timing clock
Related violations: <none>

TIMING-17#81 Warning
Non-clocked sequential cell  
The clock pin u_touch_top/u_touch_dri/cnt_1us_cnt_reg[15]/C is not reached by a timing clock
Related violations: <none>

TIMING-17#82 Warning
Non-clocked sequential cell  
The clock pin u_touch_top/u_touch_dri/cnt_1us_cnt_reg[16]/C is not reached by a timing clock
Related violations: <none>

TIMING-17#83 Warning
Non-clocked sequential cell  
The clock pin u_touch_top/u_touch_dri/cnt_1us_cnt_reg[17]/C is not reached by a timing clock
Related violations: <none>

TIMING-17#84 Warning
Non-clocked sequential cell  
The clock pin u_touch_top/u_touch_dri/cnt_1us_cnt_reg[18]/C is not reached by a timing clock
Related violations: <none>

TIMING-17#85 Warning
Non-clocked sequential cell  
The clock pin u_touch_top/u_touch_dri/cnt_1us_cnt_reg[19]/C is not reached by a timing clock
Related violations: <none>

TIMING-17#86 Warning
Non-clocked sequential cell  
The clock pin u_touch_top/u_touch_dri/cnt_1us_cnt_reg[1]/C is not reached by a timing clock
Related violations: <none>

TIMING-17#87 Warning
Non-clocked sequential cell  
The clock pin u_touch_top/u_touch_dri/cnt_1us_cnt_reg[2]/C is not reached by a timing clock
Related violations: <none>

TIMING-17#88 Warning
Non-clocked sequential cell  
The clock pin u_touch_top/u_touch_dri/cnt_1us_cnt_reg[3]/C is not reached by a timing clock
Related violations: <none>

TIMING-17#89 Warning
Non-clocked sequential cell  
The clock pin u_touch_top/u_touch_dri/cnt_1us_cnt_reg[4]/C is not reached by a timing clock
Related violations: <none>

TIMING-17#90 Warning
Non-clocked sequential cell  
The clock pin u_touch_top/u_touch_dri/cnt_1us_cnt_reg[5]/C is not reached by a timing clock
Related violations: <none>

TIMING-17#91 Warning
Non-clocked sequential cell  
The clock pin u_touch_top/u_touch_dri/cnt_1us_cnt_reg[6]/C is not reached by a timing clock
Related violations: <none>

TIMING-17#92 Warning
Non-clocked sequential cell  
The clock pin u_touch_top/u_touch_dri/cnt_1us_cnt_reg[7]/C is not reached by a timing clock
Related violations: <none>

TIMING-17#93 Warning
Non-clocked sequential cell  
The clock pin u_touch_top/u_touch_dri/cnt_1us_cnt_reg[8]/C is not reached by a timing clock
Related violations: <none>

TIMING-17#94 Warning
Non-clocked sequential cell  
The clock pin u_touch_top/u_touch_dri/cnt_1us_cnt_reg[9]/C is not reached by a timing clock
Related violations: <none>

TIMING-17#95 Warning
Non-clocked sequential cell  
The clock pin u_touch_top/u_touch_dri/cnt_1us_en_reg/C is not reached by a timing clock
Related violations: <none>

TIMING-17#96 Warning
Non-clocked sequential cell  
The clock pin u_touch_top/u_touch_dri/coord_reg_reg[1]/C is not reached by a timing clock
Related violations: <none>

TIMING-17#97 Warning
Non-clocked sequential cell  
The clock pin u_touch_top/u_touch_dri/coord_reg_reg[6]/C is not reached by a timing clock
Related violations: <none>

TIMING-17#98 Warning
Non-clocked sequential cell  
The clock pin u_touch_top/u_touch_dri/cur_state_reg[0]/C is not reached by a timing clock
Related violations: <none>

TIMING-17#99 Warning
Non-clocked sequential cell  
The clock pin u_touch_top/u_touch_dri/cur_state_reg[1]/C is not reached by a timing clock
Related violations: <none>

TIMING-17#100 Warning
Non-clocked sequential cell  
The clock pin u_touch_top/u_touch_dri/cur_state_reg[2]/C is not reached by a timing clock
Related violations: <none>

TIMING-17#101 Warning
Non-clocked sequential cell  
The clock pin u_touch_top/u_touch_dri/cur_state_reg[3]/C is not reached by a timing clock
Related violations: <none>

TIMING-17#102 Warning
Non-clocked sequential cell  
The clock pin u_touch_top/u_touch_dri/cur_state_reg[4]/C is not reached by a timing clock
Related violations: <none>

TIMING-17#103 Warning
Non-clocked sequential cell  
The clock pin u_touch_top/u_touch_dri/cur_state_reg[5]/C is not reached by a timing clock
Related violations: <none>

TIMING-17#104 Warning
Non-clocked sequential cell  
The clock pin u_touch_top/u_touch_dri/cur_state_reg[6]/C is not reached by a timing clock
Related violations: <none>

TIMING-17#105 Warning
Non-clocked sequential cell  
The clock pin u_touch_top/u_touch_dri/flow_cnt_reg[0]/C is not reached by a timing clock
Related violations: <none>

TIMING-17#106 Warning
Non-clocked sequential cell  
The clock pin u_touch_top/u_touch_dri/flow_cnt_reg[1]/C is not reached by a timing clock
Related violations: <none>

TIMING-17#107 Warning
Non-clocked sequential cell  
The clock pin u_touch_top/u_touch_dri/flow_cnt_reg[2]/C is not reached by a timing clock
Related violations: <none>

TIMING-17#108 Warning
Non-clocked sequential cell  
The clock pin u_touch_top/u_touch_dri/ft_flag_reg/C is not reached by a timing clock
Related violations: <none>

TIMING-17#109 Warning
Non-clocked sequential cell  
The clock pin u_touch_top/u_touch_dri/i2c_addr_reg[0]/C is not reached by a timing clock
Related violations: <none>

TIMING-17#110 Warning
Non-clocked sequential cell  
The clock pin u_touch_top/u_touch_dri/i2c_addr_reg[1]/C is not reached by a timing clock
Related violations: <none>

TIMING-17#111 Warning
Non-clocked sequential cell  
The clock pin u_touch_top/u_touch_dri/i2c_addr_reg[2]/C is not reached by a timing clock
Related violations: <none>

TIMING-17#112 Warning
Non-clocked sequential cell  
The clock pin u_touch_top/u_touch_dri/i2c_addr_reg[3]/C is not reached by a timing clock
Related violations: <none>

TIMING-17#113 Warning
Non-clocked sequential cell  
The clock pin u_touch_top/u_touch_dri/i2c_addr_reg[4]/C is not reached by a timing clock
Related violations: <none>

TIMING-17#114 Warning
Non-clocked sequential cell  
The clock pin u_touch_top/u_touch_dri/i2c_addr_reg[5]/C is not reached by a timing clock
Related violations: <none>

TIMING-17#115 Warning
Non-clocked sequential cell  
The clock pin u_touch_top/u_touch_dri/i2c_addr_reg[6]/C is not reached by a timing clock
Related violations: <none>

TIMING-17#116 Warning
Non-clocked sequential cell  
The clock pin u_touch_top/u_touch_dri/i2c_addr_reg[7]/C is not reached by a timing clock
Related violations: <none>

TIMING-17#117 Warning
Non-clocked sequential cell  
The clock pin u_touch_top/u_touch_dri/i2c_data_w_reg[2]/C is not reached by a timing clock
Related violations: <none>

TIMING-17#118 Warning
Non-clocked sequential cell  
The clock pin u_touch_top/u_touch_dri/i2c_data_w_reg[3]/C is not reached by a timing clock
Related violations: <none>

TIMING-17#119 Warning
Non-clocked sequential cell  
The clock pin u_touch_top/u_touch_dri/i2c_data_w_reg[4]/C is not reached by a timing clock
Related violations: <none>

TIMING-17#120 Warning
Non-clocked sequential cell  
The clock pin u_touch_top/u_touch_dri/i2c_exec_reg/C is not reached by a timing clock
Related violations: <none>

TIMING-17#121 Warning
Non-clocked sequential cell  
The clock pin u_touch_top/u_touch_dri/i2c_rh_wl_reg/C is not reached by a timing clock
Related violations: <none>

TIMING-17#122 Warning
Non-clocked sequential cell  
The clock pin u_touch_top/u_touch_dri/reg_num_reg[0]/C is not reached by a timing clock
Related violations: <none>

TIMING-17#123 Warning
Non-clocked sequential cell  
The clock pin u_touch_top/u_touch_dri/reg_num_reg[1]/C is not reached by a timing clock
Related violations: <none>

TIMING-17#124 Warning
Non-clocked sequential cell  
The clock pin u_touch_top/u_touch_dri/reg_num_reg[2]/C is not reached by a timing clock
Related violations: <none>

TIMING-17#125 Warning
Non-clocked sequential cell  
The clock pin u_touch_top/u_touch_dri/slave_addr_reg[2]/C is not reached by a timing clock
Related violations: <none>

TIMING-17#126 Warning
Non-clocked sequential cell  
The clock pin u_touch_top/u_touch_dri/slave_addr_reg[4]/C is not reached by a timing clock
Related violations: <none>

TIMING-17#127 Warning
Non-clocked sequential cell  
The clock pin u_touch_top/u_touch_dri/slave_addr_reg[5]/C is not reached by a timing clock
Related violations: <none>

TIMING-17#128 Warning
Non-clocked sequential cell  
The clock pin u_touch_top/u_touch_dri/st_done_reg/C is not reached by a timing clock
Related violations: <none>

TIMING-17#129 Warning
Non-clocked sequential cell  
The clock pin u_touch_top/u_touch_dri/touch_int_dir_reg/C is not reached by a timing clock
Related violations: <none>

TIMING-17#130 Warning
Non-clocked sequential cell  
The clock pin u_touch_top/u_touch_dri/touch_int_out_reg/C is not reached by a timing clock
Related violations: <none>

TIMING-17#131 Warning
Non-clocked sequential cell  
The clock pin u_touch_top/u_touch_dri/touch_rst_n_reg/C is not reached by a timing clock
Related violations: <none>

TIMING-17#132 Warning
Non-clocked sequential cell  
The clock pin u_touch_top/u_touch_dri/touch_s_reg_reg[1]/C is not reached by a timing clock
Related violations: <none>

TIMING-17#133 Warning
Non-clocked sequential cell  
The clock pin u_touch_top/u_touch_dri/touch_valid_reg/C is not reached by a timing clock
Related violations: <none>

TIMING-17#134 Warning
Non-clocked sequential cell  
The clock pin u_touch_top/u_touch_dri/tp_x_coord_reg[0]/C is not reached by a timing clock
Related violations: <none>

TIMING-17#135 Warning
Non-clocked sequential cell  
The clock pin u_touch_top/u_touch_dri/tp_x_coord_reg[10]/C is not reached by a timing clock
Related violations: <none>

TIMING-17#136 Warning
Non-clocked sequential cell  
The clock pin u_touch_top/u_touch_dri/tp_x_coord_reg[11]/C is not reached by a timing clock
Related violations: <none>

TIMING-17#137 Warning
Non-clocked sequential cell  
The clock pin u_touch_top/u_touch_dri/tp_x_coord_reg[12]/C is not reached by a timing clock
Related violations: <none>

TIMING-17#138 Warning
Non-clocked sequential cell  
The clock pin u_touch_top/u_touch_dri/tp_x_coord_reg[13]/C is not reached by a timing clock
Related violations: <none>

TIMING-17#139 Warning
Non-clocked sequential cell  
The clock pin u_touch_top/u_touch_dri/tp_x_coord_reg[14]/C is not reached by a timing clock
Related violations: <none>

TIMING-17#140 Warning
Non-clocked sequential cell  
The clock pin u_touch_top/u_touch_dri/tp_x_coord_reg[15]/C is not reached by a timing clock
Related violations: <none>

TIMING-17#141 Warning
Non-clocked sequential cell  
The clock pin u_touch_top/u_touch_dri/tp_x_coord_reg[1]/C is not reached by a timing clock
Related violations: <none>

TIMING-17#142 Warning
Non-clocked sequential cell  
The clock pin u_touch_top/u_touch_dri/tp_x_coord_reg[2]/C is not reached by a timing clock
Related violations: <none>

TIMING-17#143 Warning
Non-clocked sequential cell  
The clock pin u_touch_top/u_touch_dri/tp_x_coord_reg[3]/C is not reached by a timing clock
Related violations: <none>

TIMING-17#144 Warning
Non-clocked sequential cell  
The clock pin u_touch_top/u_touch_dri/tp_x_coord_reg[4]/C is not reached by a timing clock
Related violations: <none>

TIMING-17#145 Warning
Non-clocked sequential cell  
The clock pin u_touch_top/u_touch_dri/tp_x_coord_reg[5]/C is not reached by a timing clock
Related violations: <none>

TIMING-17#146 Warning
Non-clocked sequential cell  
The clock pin u_touch_top/u_touch_dri/tp_x_coord_reg[6]/C is not reached by a timing clock
Related violations: <none>

TIMING-17#147 Warning
Non-clocked sequential cell  
The clock pin u_touch_top/u_touch_dri/tp_x_coord_reg[7]/C is not reached by a timing clock
Related violations: <none>

TIMING-17#148 Warning
Non-clocked sequential cell  
The clock pin u_touch_top/u_touch_dri/tp_x_coord_reg[8]/C is not reached by a timing clock
Related violations: <none>

TIMING-17#149 Warning
Non-clocked sequential cell  
The clock pin u_touch_top/u_touch_dri/tp_x_coord_reg[9]/C is not reached by a timing clock
Related violations: <none>

TIMING-17#150 Warning
Non-clocked sequential cell  
The clock pin u_touch_top/u_touch_dri/tp_x_coord_t_reg[0]/C is not reached by a timing clock
Related violations: <none>

TIMING-17#151 Warning
Non-clocked sequential cell  
The clock pin u_touch_top/u_touch_dri/tp_x_coord_t_reg[10]/C is not reached by a timing clock
Related violations: <none>

TIMING-17#152 Warning
Non-clocked sequential cell  
The clock pin u_touch_top/u_touch_dri/tp_x_coord_t_reg[11]/C is not reached by a timing clock
Related violations: <none>

TIMING-17#153 Warning
Non-clocked sequential cell  
The clock pin u_touch_top/u_touch_dri/tp_x_coord_t_reg[12]/C is not reached by a timing clock
Related violations: <none>

TIMING-17#154 Warning
Non-clocked sequential cell  
The clock pin u_touch_top/u_touch_dri/tp_x_coord_t_reg[13]/C is not reached by a timing clock
Related violations: <none>

TIMING-17#155 Warning
Non-clocked sequential cell  
The clock pin u_touch_top/u_touch_dri/tp_x_coord_t_reg[14]/C is not reached by a timing clock
Related violations: <none>

TIMING-17#156 Warning
Non-clocked sequential cell  
The clock pin u_touch_top/u_touch_dri/tp_x_coord_t_reg[15]/C is not reached by a timing clock
Related violations: <none>

TIMING-17#157 Warning
Non-clocked sequential cell  
The clock pin u_touch_top/u_touch_dri/tp_x_coord_t_reg[1]/C is not reached by a timing clock
Related violations: <none>

TIMING-17#158 Warning
Non-clocked sequential cell  
The clock pin u_touch_top/u_touch_dri/tp_x_coord_t_reg[2]/C is not reached by a timing clock
Related violations: <none>

TIMING-17#159 Warning
Non-clocked sequential cell  
The clock pin u_touch_top/u_touch_dri/tp_x_coord_t_reg[3]/C is not reached by a timing clock
Related violations: <none>

TIMING-17#160 Warning
Non-clocked sequential cell  
The clock pin u_touch_top/u_touch_dri/tp_x_coord_t_reg[4]/C is not reached by a timing clock
Related violations: <none>

TIMING-17#161 Warning
Non-clocked sequential cell  
The clock pin u_touch_top/u_touch_dri/tp_x_coord_t_reg[5]/C is not reached by a timing clock
Related violations: <none>

TIMING-17#162 Warning
Non-clocked sequential cell  
The clock pin u_touch_top/u_touch_dri/tp_x_coord_t_reg[6]/C is not reached by a timing clock
Related violations: <none>

TIMING-17#163 Warning
Non-clocked sequential cell  
The clock pin u_touch_top/u_touch_dri/tp_x_coord_t_reg[7]/C is not reached by a timing clock
Related violations: <none>

TIMING-17#164 Warning
Non-clocked sequential cell  
The clock pin u_touch_top/u_touch_dri/tp_x_coord_t_reg[8]/C is not reached by a timing clock
Related violations: <none>

TIMING-17#165 Warning
Non-clocked sequential cell  
The clock pin u_touch_top/u_touch_dri/tp_x_coord_t_reg[9]/C is not reached by a timing clock
Related violations: <none>

TIMING-17#166 Warning
Non-clocked sequential cell  
The clock pin u_touch_top/u_touch_dri/tp_y_coord_reg[0]/C is not reached by a timing clock
Related violations: <none>

TIMING-17#167 Warning
Non-clocked sequential cell  
The clock pin u_touch_top/u_touch_dri/tp_y_coord_reg[10]/C is not reached by a timing clock
Related violations: <none>

TIMING-17#168 Warning
Non-clocked sequential cell  
The clock pin u_touch_top/u_touch_dri/tp_y_coord_reg[11]/C is not reached by a timing clock
Related violations: <none>

TIMING-17#169 Warning
Non-clocked sequential cell  
The clock pin u_touch_top/u_touch_dri/tp_y_coord_reg[12]/C is not reached by a timing clock
Related violations: <none>

TIMING-17#170 Warning
Non-clocked sequential cell  
The clock pin u_touch_top/u_touch_dri/tp_y_coord_reg[13]/C is not reached by a timing clock
Related violations: <none>

TIMING-17#171 Warning
Non-clocked sequential cell  
The clock pin u_touch_top/u_touch_dri/tp_y_coord_reg[14]/C is not reached by a timing clock
Related violations: <none>

TIMING-17#172 Warning
Non-clocked sequential cell  
The clock pin u_touch_top/u_touch_dri/tp_y_coord_reg[15]/C is not reached by a timing clock
Related violations: <none>

TIMING-17#173 Warning
Non-clocked sequential cell  
The clock pin u_touch_top/u_touch_dri/tp_y_coord_reg[1]/C is not reached by a timing clock
Related violations: <none>

TIMING-17#174 Warning
Non-clocked sequential cell  
The clock pin u_touch_top/u_touch_dri/tp_y_coord_reg[2]/C is not reached by a timing clock
Related violations: <none>

TIMING-17#175 Warning
Non-clocked sequential cell  
The clock pin u_touch_top/u_touch_dri/tp_y_coord_reg[3]/C is not reached by a timing clock
Related violations: <none>

TIMING-17#176 Warning
Non-clocked sequential cell  
The clock pin u_touch_top/u_touch_dri/tp_y_coord_reg[4]/C is not reached by a timing clock
Related violations: <none>

TIMING-17#177 Warning
Non-clocked sequential cell  
The clock pin u_touch_top/u_touch_dri/tp_y_coord_reg[5]/C is not reached by a timing clock
Related violations: <none>

TIMING-17#178 Warning
Non-clocked sequential cell  
The clock pin u_touch_top/u_touch_dri/tp_y_coord_reg[6]/C is not reached by a timing clock
Related violations: <none>

TIMING-17#179 Warning
Non-clocked sequential cell  
The clock pin u_touch_top/u_touch_dri/tp_y_coord_reg[7]/C is not reached by a timing clock
Related violations: <none>

TIMING-17#180 Warning
Non-clocked sequential cell  
The clock pin u_touch_top/u_touch_dri/tp_y_coord_reg[8]/C is not reached by a timing clock
Related violations: <none>

TIMING-17#181 Warning
Non-clocked sequential cell  
The clock pin u_touch_top/u_touch_dri/tp_y_coord_reg[9]/C is not reached by a timing clock
Related violations: <none>

TIMING-17#182 Warning
Non-clocked sequential cell  
The clock pin u_touch_top/u_touch_dri/tp_y_coord_t_reg[0]/C is not reached by a timing clock
Related violations: <none>

TIMING-17#183 Warning
Non-clocked sequential cell  
The clock pin u_touch_top/u_touch_dri/tp_y_coord_t_reg[10]/C is not reached by a timing clock
Related violations: <none>

TIMING-17#184 Warning
Non-clocked sequential cell  
The clock pin u_touch_top/u_touch_dri/tp_y_coord_t_reg[11]/C is not reached by a timing clock
Related violations: <none>

TIMING-17#185 Warning
Non-clocked sequential cell  
The clock pin u_touch_top/u_touch_dri/tp_y_coord_t_reg[12]/C is not reached by a timing clock
Related violations: <none>

TIMING-17#186 Warning
Non-clocked sequential cell  
The clock pin u_touch_top/u_touch_dri/tp_y_coord_t_reg[13]/C is not reached by a timing clock
Related violations: <none>

TIMING-17#187 Warning
Non-clocked sequential cell  
The clock pin u_touch_top/u_touch_dri/tp_y_coord_t_reg[14]/C is not reached by a timing clock
Related violations: <none>

TIMING-17#188 Warning
Non-clocked sequential cell  
The clock pin u_touch_top/u_touch_dri/tp_y_coord_t_reg[15]/C is not reached by a timing clock
Related violations: <none>

TIMING-17#189 Warning
Non-clocked sequential cell  
The clock pin u_touch_top/u_touch_dri/tp_y_coord_t_reg[1]/C is not reached by a timing clock
Related violations: <none>

TIMING-17#190 Warning
Non-clocked sequential cell  
The clock pin u_touch_top/u_touch_dri/tp_y_coord_t_reg[2]/C is not reached by a timing clock
Related violations: <none>

TIMING-17#191 Warning
Non-clocked sequential cell  
The clock pin u_touch_top/u_touch_dri/tp_y_coord_t_reg[3]/C is not reached by a timing clock
Related violations: <none>

TIMING-17#192 Warning
Non-clocked sequential cell  
The clock pin u_touch_top/u_touch_dri/tp_y_coord_t_reg[4]/C is not reached by a timing clock
Related violations: <none>

TIMING-17#193 Warning
Non-clocked sequential cell  
The clock pin u_touch_top/u_touch_dri/tp_y_coord_t_reg[5]/C is not reached by a timing clock
Related violations: <none>

TIMING-17#194 Warning
Non-clocked sequential cell  
The clock pin u_touch_top/u_touch_dri/tp_y_coord_t_reg[6]/C is not reached by a timing clock
Related violations: <none>

TIMING-17#195 Warning
Non-clocked sequential cell  
The clock pin u_touch_top/u_touch_dri/tp_y_coord_t_reg[7]/C is not reached by a timing clock
Related violations: <none>

TIMING-17#196 Warning
Non-clocked sequential cell  
The clock pin u_touch_top/u_touch_dri/tp_y_coord_t_reg[8]/C is not reached by a timing clock
Related violations: <none>

TIMING-17#197 Warning
Non-clocked sequential cell  
The clock pin u_touch_top/u_touch_dri/tp_y_coord_t_reg[9]/C is not reached by a timing clock
Related violations: <none>

TIMING-18#1 Warning
Missing input or output delay  
An input delay is missing on lcd_rgb[0] relative to clock(s) sys_clk
Related violations: <none>

TIMING-18#2 Warning
Missing input or output delay  
An input delay is missing on lcd_rgb[10] relative to clock(s) sys_clk
Related violations: <none>

TIMING-18#3 Warning
Missing input or output delay  
An input delay is missing on lcd_rgb[11] relative to clock(s) sys_clk
Related violations: <none>

TIMING-18#4 Warning
Missing input or output delay  
An input delay is missing on lcd_rgb[12] relative to clock(s) sys_clk
Related violations: <none>

TIMING-18#5 Warning
Missing input or output delay  
An input delay is missing on lcd_rgb[13] relative to clock(s) sys_clk
Related violations: <none>

TIMING-18#6 Warning
Missing input or output delay  
An input delay is missing on lcd_rgb[14] relative to clock(s) sys_clk
Related violations: <none>

TIMING-18#7 Warning
Missing input or output delay  
An input delay is missing on lcd_rgb[15] relative to clock(s) sys_clk
Related violations: <none>

TIMING-18#8 Warning
Missing input or output delay  
An input delay is missing on lcd_rgb[16] relative to clock(s) sys_clk
Related violations: <none>

TIMING-18#9 Warning
Missing input or output delay  
An input delay is missing on lcd_rgb[17] relative to clock(s) sys_clk
Related violations: <none>

TIMING-18#10 Warning
Missing input or output delay  
An input delay is missing on lcd_rgb[18] relative to clock(s) sys_clk
Related violations: <none>

TIMING-18#11 Warning
Missing input or output delay  
An input delay is missing on lcd_rgb[19] relative to clock(s) sys_clk
Related violations: <none>

TIMING-18#12 Warning
Missing input or output delay  
An input delay is missing on lcd_rgb[1] relative to clock(s) sys_clk
Related violations: <none>

TIMING-18#13 Warning
Missing input or output delay  
An input delay is missing on lcd_rgb[20] relative to clock(s) sys_clk
Related violations: <none>

TIMING-18#14 Warning
Missing input or output delay  
An input delay is missing on lcd_rgb[21] relative to clock(s) sys_clk
Related violations: <none>

TIMING-18#15 Warning
Missing input or output delay  
An input delay is missing on lcd_rgb[22] relative to clock(s) sys_clk
Related violations: <none>

TIMING-18#16 Warning
Missing input or output delay  
An input delay is missing on lcd_rgb[23] relative to clock(s) sys_clk
Related violations: <none>

TIMING-18#17 Warning
Missing input or output delay  
An input delay is missing on lcd_rgb[2] relative to clock(s) sys_clk
Related violations: <none>

TIMING-18#18 Warning
Missing input or output delay  
An input delay is missing on lcd_rgb[3] relative to clock(s) sys_clk
Related violations: <none>

TIMING-18#19 Warning
Missing input or output delay  
An input delay is missing on lcd_rgb[4] relative to clock(s) sys_clk
Related violations: <none>

TIMING-18#20 Warning
Missing input or output delay  
An input delay is missing on lcd_rgb[5] relative to clock(s) sys_clk
Related violations: <none>

TIMING-18#21 Warning
Missing input or output delay  
An input delay is missing on lcd_rgb[6] relative to clock(s) sys_clk
Related violations: <none>

TIMING-18#22 Warning
Missing input or output delay  
An input delay is missing on lcd_rgb[7] relative to clock(s) sys_clk
Related violations: <none>

TIMING-18#23 Warning
Missing input or output delay  
An input delay is missing on lcd_rgb[8] relative to clock(s) sys_clk
Related violations: <none>

TIMING-18#24 Warning
Missing input or output delay  
An input delay is missing on lcd_rgb[9] relative to clock(s) sys_clk
Related violations: <none>

TIMING-18#25 Warning
Missing input or output delay  
An input delay is missing on sys_rst_n relative to clock(s) sys_clk
Related violations: <none>

TIMING-18#26 Warning
Missing input or output delay  
An output delay is missing on lcd_de relative to clock(s) sys_clk
Related violations: <none>


