
*** Running vivado
    with args -log top_traffic.vdi -applog -m64 -product Vivado -messageDb vivado.pb -mode batch -source top_traffic.tcl -notrace


****** Vivado v2018.3 (64-bit)
  **** SW Build 2405991 on Thu Dec  6 23:38:27 MST 2018
  **** IP Build 2404404 on Fri Dec  7 01:43:56 MST 2018
    ** Copyright 1986-2018 Xilinx, Inc. All Rights Reserved.

source top_traffic.tcl -notrace
Command: link_design -top top_traffic -part xc7z020clg400-2
Design is defaulting to srcset: sources_1
Design is defaulting to constrset: constrs_1
INFO: [Netlist 29-17] Analyzing 18 Unisim elements for replacement
INFO: [Netlist 29-28] Unisim Transformation completed in 0 CPU seconds
INFO: [Project 1-479] Netlist was created with Vivado 2018.3
INFO: [Device 21-403] Loading part xc7z020clg400-2
INFO: [Project 1-570] Preparing netlist for logic optimization
Parsing XDC File [D:/ZYNQ7020/FPGA Design/ZYNQ_7020_FPGA/RLT/top_traffic/top_traffic_ch.srcs/constrs_1/new/top_traffic.xdc]
Finished Parsing XDC File [D:/ZYNQ7020/FPGA Design/ZYNQ_7020_FPGA/RLT/top_traffic/top_traffic_ch.srcs/constrs_1/new/top_traffic.xdc]
INFO: [Opt 31-138] Pushed 0 inverter(s) to 0 load pin(s).
Netlist sorting complete. Time (s): cpu = 00:00:00 ; elapsed = 00:00:00 . Memory (MB): peak = 660.035 ; gain = 0.000
INFO: [Project 1-111] Unisim Transformation Summary:
No Unisim elements were transformed.

7 Infos, 0 Warnings, 0 Critical Warnings and 0 Errors encountered.
link_design completed successfully
link_design: Time (s): cpu = 00:00:06 ; elapsed = 00:00:07 . Memory (MB): peak = 664.195 ; gain = 339.668
Command: opt_design
Attempting to get a license for feature 'Implementation' and/or device 'xc7z020'
INFO: [Common 17-349] Got license for feature 'Implementation' and/or device 'xc7z020'
Running DRC as a precondition to command opt_design

Starting DRC Task
INFO: [DRC 23-27] Running DRC with 2 threads
INFO: [Project 1-461] DRC finished with 0 Errors
INFO: [Project 1-462] Please refer to the DRC report (report_drc) for more information.

Time (s): cpu = 00:00:01 ; elapsed = 00:00:00.633 . Memory (MB): peak = 676.668 ; gain = 12.473

Starting Cache Timing Information Task
INFO: [Timing 38-35] Done setting XDC timing constraints.
Ending Cache Timing Information Task | Checksum: 9eac2707

Time (s): cpu = 00:00:08 ; elapsed = 00:00:09 . Memory (MB): peak = 1231.742 ; gain = 555.074

Starting Logic Optimization Task

Phase 1 Retarget
INFO: [Opt 31-138] Pushed 0 inverter(s) to 0 load pin(s).
INFO: [Opt 31-49] Retargeted 0 cell(s).
Phase 1 Retarget | Checksum: 9eac2707

Time (s): cpu = 00:00:00 ; elapsed = 00:00:00.023 . Memory (MB): peak = 1329.199 ; gain = 0.000
INFO: [Opt 31-389] Phase Retarget created 0 cells and removed 0 cells

Phase 2 Constant propagation
INFO: [Opt 31-138] Pushed 0 inverter(s) to 0 load pin(s).
Phase 2 Constant propagation | Checksum: 9eac2707

Time (s): cpu = 00:00:00 ; elapsed = 00:00:00.030 . Memory (MB): peak = 1329.199 ; gain = 0.000
INFO: [Opt 31-389] Phase Constant propagation created 0 cells and removed 0 cells

Phase 3 Sweep
Phase 3 Sweep | Checksum: 17de5f8a0

Time (s): cpu = 00:00:00 ; elapsed = 00:00:00.042 . Memory (MB): peak = 1329.199 ; gain = 0.000
INFO: [Opt 31-389] Phase Sweep created 0 cells and removed 0 cells

Phase 4 BUFG optimization
Phase 4 BUFG optimization | Checksum: 17de5f8a0

Time (s): cpu = 00:00:00 ; elapsed = 00:00:00.050 . Memory (MB): peak = 1329.199 ; gain = 0.000
INFO: [Opt 31-662] Phase BUFG optimization created 0 cells of which 0 are BUFGs and removed 0 cells.

Phase 5 Shift Register Optimization
Phase 5 Shift Register Optimization | Checksum: ca5200dc

Time (s): cpu = 00:00:00 ; elapsed = 00:00:00.090 . Memory (MB): peak = 1329.199 ; gain = 0.000
INFO: [Opt 31-389] Phase Shift Register Optimization created 0 cells and removed 0 cells

Phase 6 Post Processing Netlist
Phase 6 Post Processing Netlist | Checksum: ca5200dc

Time (s): cpu = 00:00:00 ; elapsed = 00:00:00.092 . Memory (MB): peak = 1329.199 ; gain = 0.000
INFO: [Opt 31-389] Phase Post Processing Netlist created 0 cells and removed 0 cells
Opt_design Change Summary
=========================


-------------------------------------------------------------------------------------------------------------------------
|  Phase                        |  #Cells created  |  #Cells Removed  |  #Constrained objects preventing optimizations  |
-------------------------------------------------------------------------------------------------------------------------
|  Retarget                     |               0  |               0  |                                              0  |
|  Constant propagation         |               0  |               0  |                                              0  |
|  Sweep                        |               0  |               0  |                                              0  |
|  BUFG optimization            |               0  |               0  |                                              0  |
|  Shift Register Optimization  |               0  |               0  |                                              0  |
|  Post Processing Netlist      |               0  |               0  |                                              0  |
-------------------------------------------------------------------------------------------------------------------------



Starting Connectivity Check Task

Time (s): cpu = 00:00:00 ; elapsed = 00:00:00.001 . Memory (MB): peak = 1329.199 ; gain = 0.000
Ending Logic Optimization Task | Checksum: ca5200dc

Time (s): cpu = 00:00:00 ; elapsed = 00:00:00.095 . Memory (MB): peak = 1329.199 ; gain = 0.000

Starting Power Optimization Task
INFO: [Pwropt 34-132] Skipping clock gating for clocks with a period < 2.00 ns.
Ending Power Optimization Task | Checksum: ca5200dc

Time (s): cpu = 00:00:01 ; elapsed = 00:00:00.007 . Memory (MB): peak = 1329.199 ; gain = 0.000

Starting Final Cleanup Task
Ending Final Cleanup Task | Checksum: ca5200dc

Time (s): cpu = 00:00:00 ; elapsed = 00:00:00 . Memory (MB): peak = 1329.199 ; gain = 0.000

Starting Netlist Obfuscation Task
Netlist sorting complete. Time (s): cpu = 00:00:00 ; elapsed = 00:00:00 . Memory (MB): peak = 1329.199 ; gain = 0.000
Ending Netlist Obfuscation Task | Checksum: ca5200dc

Time (s): cpu = 00:00:00 ; elapsed = 00:00:00 . Memory (MB): peak = 1329.199 ; gain = 0.000
INFO: [Common 17-83] Releasing license: Implementation
23 Infos, 0 Warnings, 0 Critical Warnings and 0 Errors encountered.
opt_design completed successfully
opt_design: Time (s): cpu = 00:00:11 ; elapsed = 00:00:10 . Memory (MB): peak = 1329.199 ; gain = 665.004
Netlist sorting complete. Time (s): cpu = 00:00:00 ; elapsed = 00:00:00.001 . Memory (MB): peak = 1329.199 ; gain = 0.000
INFO: [Timing 38-480] Writing timing data to binary archive.
Writing placer database...
Writing XDEF routing.
Writing XDEF routing logical nets.
Writing XDEF routing special nets.
Write XDEF Complete: Time (s): cpu = 00:00:00 ; elapsed = 00:00:00.073 . Memory (MB): peak = 1329.199 ; gain = 0.000
Netlist sorting complete. Time (s): cpu = 00:00:00 ; elapsed = 00:00:00.001 . Memory (MB): peak = 1329.199 ; gain = 0.000
INFO: [Common 17-1381] The checkpoint 'D:/ZYNQ7020/FPGA Design/ZYNQ_7020_FPGA/RLT/top_traffic/top_traffic_ch.runs/impl_3/top_traffic_opt.dcp' has been generated.
INFO: [runtcl-4] Executing : report_drc -file top_traffic_drc_opted.rpt -pb top_traffic_drc_opted.pb -rpx top_traffic_drc_opted.rpx
Command: report_drc -file top_traffic_drc_opted.rpt -pb top_traffic_drc_opted.pb -rpx top_traffic_drc_opted.rpx
INFO: [IP_Flow 19-234] Refreshing IP repositories
INFO: [IP_Flow 19-1704] No user IP repositories specified
INFO: [IP_Flow 19-2313] Loaded Vivado IP repository 'E:/xilinx/Vivado/2018.3/data/ip'.
INFO: [DRC 23-27] Running DRC with 2 threads
INFO: [Coretcl 2-168] The results of DRC are in file D:/ZYNQ7020/FPGA Design/ZYNQ_7020_FPGA/RLT/top_traffic/top_traffic_ch.runs/impl_3/top_traffic_drc_opted.rpt.
report_drc completed successfully
Command: place_design
Attempting to get a license for feature 'Implementation' and/or device 'xc7z020'
INFO: [Common 17-349] Got license for feature 'Implementation' and/or device 'xc7z020'
INFO: [DRC 23-27] Running DRC with 2 threads
INFO: [Vivado_Tcl 4-198] DRC finished with 0 Errors
INFO: [Vivado_Tcl 4-199] Please refer to the DRC report (report_drc) for more information.
Running DRC as a precondition to command place_design
INFO: [DRC 23-27] Running DRC with 2 threads
INFO: [Vivado_Tcl 4-198] DRC finished with 0 Errors
INFO: [Vivado_Tcl 4-199] Please refer to the DRC report (report_drc) for more information.

Starting Placer Task
INFO: [Place 30-611] Multithreading enabled for place_design using a maximum of 2 CPUs

Phase 1 Placer Initialization

Phase 1.1 Placer Initialization Netlist Sorting
Netlist sorting complete. Time (s): cpu = 00:00:00 ; elapsed = 00:00:00 . Memory (MB): peak = 1329.199 ; gain = 0.000
Phase 1.1 Placer Initialization Netlist Sorting | Checksum: 8547bbd0

Time (s): cpu = 00:00:00 ; elapsed = 00:00:00.004 . Memory (MB): peak = 1329.199 ; gain = 0.000
Netlist sorting complete. Time (s): cpu = 00:00:00 ; elapsed = 00:00:00 . Memory (MB): peak = 1329.199 ; gain = 0.000

Phase 1.2 IO Placement/ Clock Placement/ Build Placer Device
INFO: [Timing 38-35] Done setting XDC timing constraints.
Phase 1.2 IO Placement/ Clock Placement/ Build Placer Device | Checksum: aa86f524

Time (s): cpu = 00:00:01 ; elapsed = 00:00:00.534 . Memory (MB): peak = 1340.102 ; gain = 10.902

Phase 1.3 Build Placer Netlist Model
Phase 1.3 Build Placer Netlist Model | Checksum: c8b60ccf

Time (s): cpu = 00:00:01 ; elapsed = 00:00:00.561 . Memory (MB): peak = 1340.102 ; gain = 10.902

Phase 1.4 Constrain Clocks/Macros
Phase 1.4 Constrain Clocks/Macros | Checksum: c8b60ccf

Time (s): cpu = 00:00:01 ; elapsed = 00:00:00.563 . Memory (MB): peak = 1340.102 ; gain = 10.902
Phase 1 Placer Initialization | Checksum: c8b60ccf

Time (s): cpu = 00:00:01 ; elapsed = 00:00:00.564 . Memory (MB): peak = 1340.102 ; gain = 10.902

Phase 2 Global Placement

Phase 2.1 Floorplanning
Phase 2.1 Floorplanning | Checksum: c8b60ccf

Time (s): cpu = 00:00:01 ; elapsed = 00:00:00.566 . Memory (MB): peak = 1340.195 ; gain = 10.996
WARNING: [Place 46-29] place_design is not in timing mode. Skip physical synthesis in placer
Phase 2 Global Placement | Checksum: df5c1e34

Time (s): cpu = 00:00:01 ; elapsed = 00:00:00.871 . Memory (MB): peak = 1345.477 ; gain = 16.277

Phase 3 Detail Placement

Phase 3.1 Commit Multi Column Macros
Phase 3.1 Commit Multi Column Macros | Checksum: df5c1e34

Time (s): cpu = 00:00:01 ; elapsed = 00:00:00.874 . Memory (MB): peak = 1345.477 ; gain = 16.277

Phase 3.2 Commit Most Macros & LUTRAMs
Phase 3.2 Commit Most Macros & LUTRAMs | Checksum: f0ff4768

Time (s): cpu = 00:00:01 ; elapsed = 00:00:00.890 . Memory (MB): peak = 1345.477 ; gain = 16.277

Phase 3.3 Area Swap Optimization
Phase 3.3 Area Swap Optimization | Checksum: 95073fb3

Time (s): cpu = 00:00:01 ; elapsed = 00:00:00.899 . Memory (MB): peak = 1345.477 ; gain = 16.277

Phase 3.4 Pipeline Register Optimization
Phase 3.4 Pipeline Register Optimization | Checksum: 95073fb3

Time (s): cpu = 00:00:01 ; elapsed = 00:00:00.900 . Memory (MB): peak = 1345.477 ; gain = 16.277

Phase 3.5 Small Shape Detail Placement
Phase 3.5 Small Shape Detail Placement | Checksum: 10d93642c

Time (s): cpu = 00:00:02 ; elapsed = 00:00:01 . Memory (MB): peak = 1351.059 ; gain = 21.859

Phase 3.6 Re-assign LUT pins
Phase 3.6 Re-assign LUT pins | Checksum: 10d93642c

Time (s): cpu = 00:00:02 ; elapsed = 00:00:01 . Memory (MB): peak = 1351.059 ; gain = 21.859

Phase 3.7 Pipeline Register Optimization
Phase 3.7 Pipeline Register Optimization | Checksum: 10d93642c

Time (s): cpu = 00:00:02 ; elapsed = 00:00:01 . Memory (MB): peak = 1351.059 ; gain = 21.859
Phase 3 Detail Placement | Checksum: 10d93642c

Time (s): cpu = 00:00:02 ; elapsed = 00:00:01 . Memory (MB): peak = 1351.059 ; gain = 21.859

Phase 4 Post Placement Optimization and Clean-Up

Phase 4.1 Post Commit Optimization
Phase 4.1 Post Commit Optimization | Checksum: 10d93642c

Time (s): cpu = 00:00:02 ; elapsed = 00:00:01 . Memory (MB): peak = 1351.059 ; gain = 21.859

Phase 4.2 Post Placement Cleanup
Phase 4.2 Post Placement Cleanup | Checksum: 10d93642c

Time (s): cpu = 00:00:02 ; elapsed = 00:00:01 . Memory (MB): peak = 1351.059 ; gain = 21.859

Phase 4.3 Placer Reporting
Phase 4.3 Placer Reporting | Checksum: 10d93642c

Time (s): cpu = 00:00:02 ; elapsed = 00:00:01 . Memory (MB): peak = 1351.059 ; gain = 21.859

Phase 4.4 Final Placement Cleanup
Netlist sorting complete. Time (s): cpu = 00:00:00 ; elapsed = 00:00:00 . Memory (MB): peak = 1351.059 ; gain = 0.000
Phase 4.4 Final Placement Cleanup | Checksum: e7362c5a

Time (s): cpu = 00:00:02 ; elapsed = 00:00:01 . Memory (MB): peak = 1351.059 ; gain = 21.859
Phase 4 Post Placement Optimization and Clean-Up | Checksum: e7362c5a

Time (s): cpu = 00:00:02 ; elapsed = 00:00:01 . Memory (MB): peak = 1351.059 ; gain = 21.859
Ending Placer Task | Checksum: 7b13f2bb

Time (s): cpu = 00:00:02 ; elapsed = 00:00:01 . Memory (MB): peak = 1351.059 ; gain = 21.859
INFO: [Common 17-83] Releasing license: Implementation
41 Infos, 1 Warnings, 0 Critical Warnings and 0 Errors encountered.
place_design completed successfully
Netlist sorting complete. Time (s): cpu = 00:00:00 ; elapsed = 00:00:00 . Memory (MB): peak = 1351.059 ; gain = 0.000
INFO: [Timing 38-480] Writing timing data to binary archive.
Writing placer database...
Writing XDEF routing.
Netlist sorting complete. Time (s): cpu = 00:00:00 ; elapsed = 00:00:00.001 . Memory (MB): peak = 1357.020 ; gain = 0.000
Writing XDEF routing logical nets.
Writing XDEF routing special nets.
Write XDEF Complete: Time (s): cpu = 00:00:00 ; elapsed = 00:00:00.086 . Memory (MB): peak = 1357.020 ; gain = 5.961
INFO: [Common 17-1381] The checkpoint 'D:/ZYNQ7020/FPGA Design/ZYNQ_7020_FPGA/RLT/top_traffic/top_traffic_ch.runs/impl_3/top_traffic_placed.dcp' has been generated.
INFO: [runtcl-4] Executing : report_io -file top_traffic_io_placed.rpt
report_io: Time (s): cpu = 00:00:00 ; elapsed = 00:00:00.074 . Memory (MB): peak = 1357.047 ; gain = 0.000
INFO: [runtcl-4] Executing : report_utilization -file top_traffic_utilization_placed.rpt -pb top_traffic_utilization_placed.pb
INFO: [runtcl-4] Executing : report_control_sets -verbose -file top_traffic_control_sets_placed.rpt
report_control_sets: Time (s): cpu = 00:00:00 ; elapsed = 00:00:00.002 . Memory (MB): peak = 1357.047 ; gain = 0.000
Command: route_design
Attempting to get a license for feature 'Implementation' and/or device 'xc7z020'
INFO: [Common 17-349] Got license for feature 'Implementation' and/or device 'xc7z020'
Running DRC as a precondition to command route_design
INFO: [DRC 23-27] Running DRC with 2 threads
INFO: [Vivado_Tcl 4-198] DRC finished with 0 Errors
INFO: [Vivado_Tcl 4-199] Please refer to the DRC report (report_drc) for more information.


Starting Routing Task
INFO: [Route 35-254] Multithreading enabled for route_design using a maximum of 2 CPUs
Checksum: PlaceDB: 671d4931 ConstDB: 0 ShapeSum: 13f6a98a RouteDB: 0

Phase 1 Build RT Design
Phase 1 Build RT Design | Checksum: 10d5a0ffd

Time (s): cpu = 00:00:25 ; elapsed = 00:00:23 . Memory (MB): peak = 1493.293 ; gain = 136.246
Post Restoration Checksum: NetGraph: 740705f3 NumContArr: 99530a0a Constraints: 0 Timing: 0

Phase 2 Router Initialization
INFO: [Route 35-64] No timing constraints were detected. The router will operate in resource-optimization mode.

Phase 2.1 Fix Topology Constraints
Phase 2.1 Fix Topology Constraints | Checksum: 10d5a0ffd

Time (s): cpu = 00:00:25 ; elapsed = 00:00:23 . Memory (MB): peak = 1499.180 ; gain = 142.133

Phase 2.2 Pre Route Cleanup
Phase 2.2 Pre Route Cleanup | Checksum: 10d5a0ffd

Time (s): cpu = 00:00:25 ; elapsed = 00:00:23 . Memory (MB): peak = 1499.180 ; gain = 142.133
 Number of Nodes with overlaps = 0
Phase 2 Router Initialization | Checksum: 106a24d12

Time (s): cpu = 00:00:26 ; elapsed = 00:00:23 . Memory (MB): peak = 1513.578 ; gain = 156.531

Phase 3 Initial Routing
Phase 3 Initial Routing | Checksum: c7919472

Time (s): cpu = 00:00:26 ; elapsed = 00:00:23 . Memory (MB): peak = 1513.578 ; gain = 156.531

Phase 4 Rip-up And Reroute

Phase 4.1 Global Iteration 0
 Number of Nodes with overlaps = 11
 Number of Nodes with overlaps = 0
Phase 4.1 Global Iteration 0 | Checksum: fbcab285

Time (s): cpu = 00:00:26 ; elapsed = 00:00:23 . Memory (MB): peak = 1513.578 ; gain = 156.531
Phase 4 Rip-up And Reroute | Checksum: fbcab285

Time (s): cpu = 00:00:26 ; elapsed = 00:00:23 . Memory (MB): peak = 1513.578 ; gain = 156.531

Phase 5 Delay and Skew Optimization
Phase 5 Delay and Skew Optimization | Checksum: fbcab285

Time (s): cpu = 00:00:26 ; elapsed = 00:00:23 . Memory (MB): peak = 1513.578 ; gain = 156.531

Phase 6 Post Hold Fix

Phase 6.1 Hold Fix Iter
Phase 6.1 Hold Fix Iter | Checksum: fbcab285

Time (s): cpu = 00:00:26 ; elapsed = 00:00:23 . Memory (MB): peak = 1513.578 ; gain = 156.531
Phase 6 Post Hold Fix | Checksum: fbcab285

Time (s): cpu = 00:00:26 ; elapsed = 00:00:23 . Memory (MB): peak = 1513.578 ; gain = 156.531

Phase 7 Route finalize

Router Utilization Summary
  Global Vertical Routing Utilization    = 0.0385213 %
  Global Horizontal Routing Utilization  = 0.0494422 %
  Routable Net Status*
  *Does not include unroutable nets such as driverless and loadless.
  Run report_route_status for detailed report.
  Number of Failed Nets               = 0
  Number of Unrouted Nets             = 0
  Number of Partially Routed Nets     = 0
  Number of Node Overlaps             = 0

Congestion Report
North Dir 1x1 Area, Max Cong = 13.5135%, No Congested Regions.
South Dir 1x1 Area, Max Cong = 10.8108%, No Congested Regions.
East Dir 1x1 Area, Max Cong = 19.1176%, No Congested Regions.
West Dir 1x1 Area, Max Cong = 20.5882%, No Congested Regions.

------------------------------
Reporting congestion hotspots
------------------------------
Direction: North
----------------
Congested clusters found at Level 0
Effective congestion level: 0 Aspect Ratio: 1 Sparse Ratio: 0
Direction: South
----------------
Congested clusters found at Level 0
Effective congestion level: 0 Aspect Ratio: 1 Sparse Ratio: 0
Direction: East
----------------
Congested clusters found at Level 0
Effective congestion level: 0 Aspect Ratio: 1 Sparse Ratio: 0
Direction: West
----------------
Congested clusters found at Level 0
Effective congestion level: 0 Aspect Ratio: 1 Sparse Ratio: 0

Phase 7 Route finalize | Checksum: fbcab285

Time (s): cpu = 00:00:26 ; elapsed = 00:00:23 . Memory (MB): peak = 1513.578 ; gain = 156.531

Phase 8 Verifying routed nets

 Verification completed successfully
Phase 8 Verifying routed nets | Checksum: fbcab285

Time (s): cpu = 00:00:26 ; elapsed = 00:00:23 . Memory (MB): peak = 1513.656 ; gain = 156.609

Phase 9 Depositing Routes
Phase 9 Depositing Routes | Checksum: c358ba35

Time (s): cpu = 00:00:26 ; elapsed = 00:00:23 . Memory (MB): peak = 1513.656 ; gain = 156.609
INFO: [Route 35-16] Router Completed Successfully

Time (s): cpu = 00:00:26 ; elapsed = 00:00:23 . Memory (MB): peak = 1513.656 ; gain = 156.609

Routing Is Done.
INFO: [Common 17-83] Releasing license: Implementation
54 Infos, 1 Warnings, 0 Critical Warnings and 0 Errors encountered.
route_design completed successfully
route_design: Time (s): cpu = 00:00:28 ; elapsed = 00:00:24 . Memory (MB): peak = 1513.656 ; gain = 156.609
Netlist sorting complete. Time (s): cpu = 00:00:00 ; elapsed = 00:00:00 . Memory (MB): peak = 1513.656 ; gain = 0.000
INFO: [Timing 38-480] Writing timing data to binary archive.
Writing placer database...
Writing XDEF routing.
Netlist sorting complete. Time (s): cpu = 00:00:00 ; elapsed = 00:00:00 . Memory (MB): peak = 1513.656 ; gain = 0.000
Writing XDEF routing logical nets.
Writing XDEF routing special nets.
Write XDEF Complete: Time (s): cpu = 00:00:00 ; elapsed = 00:00:00.107 . Memory (MB): peak = 1513.656 ; gain = 0.000
INFO: [Common 17-1381] The checkpoint 'D:/ZYNQ7020/FPGA Design/ZYNQ_7020_FPGA/RLT/top_traffic/top_traffic_ch.runs/impl_3/top_traffic_routed.dcp' has been generated.
INFO: [runtcl-4] Executing : report_drc -file top_traffic_drc_routed.rpt -pb top_traffic_drc_routed.pb -rpx top_traffic_drc_routed.rpx
Command: report_drc -file top_traffic_drc_routed.rpt -pb top_traffic_drc_routed.pb -rpx top_traffic_drc_routed.rpx
INFO: [IP_Flow 19-1839] IP Catalog is up to date.
INFO: [DRC 23-27] Running DRC with 2 threads
INFO: [Coretcl 2-168] The results of DRC are in file D:/ZYNQ7020/FPGA Design/ZYNQ_7020_FPGA/RLT/top_traffic/top_traffic_ch.runs/impl_3/top_traffic_drc_routed.rpt.
report_drc completed successfully
INFO: [runtcl-4] Executing : report_methodology -file top_traffic_methodology_drc_routed.rpt -pb top_traffic_methodology_drc_routed.pb -rpx top_traffic_methodology_drc_routed.rpx
Command: report_methodology -file top_traffic_methodology_drc_routed.rpt -pb top_traffic_methodology_drc_routed.pb -rpx top_traffic_methodology_drc_routed.rpx
INFO: [Timing 38-35] Done setting XDC timing constraints.
INFO: [DRC 23-133] Running Methodology with 2 threads
INFO: [Coretcl 2-1520] The results of Report Methodology are in file D:/ZYNQ7020/FPGA Design/ZYNQ_7020_FPGA/RLT/top_traffic/top_traffic_ch.runs/impl_3/top_traffic_methodology_drc_routed.rpt.
report_methodology completed successfully
INFO: [runtcl-4] Executing : report_power -file top_traffic_power_routed.rpt -pb top_traffic_power_summary_routed.pb -rpx top_traffic_power_routed.rpx
Command: report_power -file top_traffic_power_routed.rpt -pb top_traffic_power_summary_routed.pb -rpx top_traffic_power_routed.rpx
WARNING: [Power 33-232] No user defined clocks were found in the design!
Resolution: Please specify clocks using create_clock/create_generated_clock for sequential elements. For pure combinatorial circuits, please specify a virtual clock, otherwise the vectorless estimation might be inaccurate
INFO: [Timing 38-35] Done setting XDC timing constraints.
Running Vector-less Activity Propagation...

Finished Running Vector-less Activity Propagation
66 Infos, 2 Warnings, 0 Critical Warnings and 0 Errors encountered.
report_power completed successfully
INFO: [runtcl-4] Executing : report_route_status -file top_traffic_route_status.rpt -pb top_traffic_route_status.pb
INFO: [runtcl-4] Executing : report_timing_summary -max_paths 10 -file top_traffic_timing_summary_routed.rpt -pb top_traffic_timing_summary_routed.pb -rpx top_traffic_timing_summary_routed.rpx -warn_on_violation 
INFO: [Timing 38-91] UpdateTimingParams: Speed grade: -2, Delay Type: min_max.
INFO: [Timing 38-191] Multithreading enabled for timing update using a maximum of 2 CPUs
WARNING: [Timing 38-313] There are no user specified timing constraints. Timing constraints are needed for proper timing analysis.
INFO: [runtcl-4] Executing : report_incremental_reuse -file top_traffic_incremental_reuse_routed.rpt
INFO: [Vivado_Tcl 4-1062] Incremental flow is disabled. No incremental reuse Info to report.
INFO: [runtcl-4] Executing : report_clock_utilization -file top_traffic_clock_utilization_routed.rpt
INFO: [runtcl-4] Executing : report_bus_skew -warn_on_violation -file top_traffic_bus_skew_routed.rpt -pb top_traffic_bus_skew_routed.pb -rpx top_traffic_bus_skew_routed.rpx
INFO: [Timing 38-91] UpdateTimingParams: Speed grade: -2, Delay Type: min_max.
INFO: [Timing 38-191] Multithreading enabled for timing update using a maximum of 2 CPUs
Command: write_bitstream -force top_traffic.bit
Attempting to get a license for feature 'Implementation' and/or device 'xc7z020'
INFO: [Common 17-349] Got license for feature 'Implementation' and/or device 'xc7z020'
Running DRC as a precondition to command write_bitstream
INFO: [IP_Flow 19-1839] IP Catalog is up to date.
INFO: [DRC 23-27] Running DRC with 2 threads
WARNING: [DRC ZPS7-1] PS7 block required: The PS7 cell must be used in this Zynq design in order to enable correct default configuration.
INFO: [Vivado 12-3199] DRC finished with 0 Errors, 1 Warnings
INFO: [Vivado 12-3200] Please refer to the DRC report (report_drc) for more information.
INFO: [Designutils 20-2272] Running write_bitstream with 2 threads.
Loading data files...
Loading site data...
Loading route data...
Processing options...
Creating bitmap...
Creating bitstream...
Writing bitstream ./top_traffic.bit...
INFO: [Vivado 12-1842] Bitgen Completed Successfully.
INFO: [Project 1-120] WebTalk data collection is mandatory when using a WebPACK part without a full Vivado license. To see the specific WebTalk data collected for your design, open the usage_statistics_webtalk.html or usage_statistics_webtalk.xml file in the implementation directory.
INFO: [Common 17-83] Releasing license: Implementation
85 Infos, 4 Warnings, 0 Critical Warnings and 0 Errors encountered.
write_bitstream completed successfully
write_bitstream: Time (s): cpu = 00:00:17 ; elapsed = 00:00:19 . Memory (MB): peak = 2001.117 ; gain = 425.766
INFO: [Common 17-206] Exiting Vivado at Fri Aug  6 12:20:50 2021...

*** Running vivado
    with args -log top_traffic.vdi -applog -m64 -product Vivado -messageDb vivado.pb -mode batch -source top_traffic.tcl -notrace


****** Vivado v2018.3 (64-bit)
  **** SW Build 2405991 on Thu Dec  6 23:38:27 MST 2018
  **** IP Build 2404404 on Fri Dec  7 01:43:56 MST 2018
    ** Copyright 1986-2018 Xilinx, Inc. All Rights Reserved.

source top_traffic.tcl -notrace
Command: open_checkpoint top_traffic_routed.dcp

Starting open_checkpoint Task

Time (s): cpu = 00:00:00 ; elapsed = 00:00:00.031 . Memory (MB): peak = 250.387 ; gain = 0.000
INFO: [Netlist 29-17] Analyzing 18 Unisim elements for replacement
INFO: [Netlist 29-28] Unisim Transformation completed in 0 CPU seconds
INFO: [Project 1-479] Netlist was created with Vivado 2018.3
INFO: [Device 21-403] Loading part xc7z020clg400-2
INFO: [Project 1-570] Preparing netlist for logic optimization
INFO: [Timing 38-478] Restoring timing data from binary archive.
INFO: [Timing 38-479] Binary timing data restore complete.
INFO: [Project 1-856] Restoring constraints from binary archive.
INFO: [Project 1-853] Binary constraint restore complete.
Reading XDEF placement.
Reading placer database...
Reading XDEF routing.
Read XDEF File: Time (s): cpu = 00:00:00 ; elapsed = 00:00:00.185 . Memory (MB): peak = 1240.770 ; gain = 0.000
Restored from archive | CPU: 0.000000 secs | Memory: 0.000000 MB |
Finished XDEF File Restore: Time (s): cpu = 00:00:00 ; elapsed = 00:00:00.185 . Memory (MB): peak = 1240.770 ; gain = 0.000
Netlist sorting complete. Time (s): cpu = 00:00:00 ; elapsed = 00:00:00 . Memory (MB): peak = 1240.770 ; gain = 0.000
INFO: [Project 1-111] Unisim Transformation Summary:
No Unisim elements were transformed.

INFO: [Project 1-604] Checkpoint was created with Vivado v2018.3 (64-bit) build 2405991
open_checkpoint: Time (s): cpu = 00:00:16 ; elapsed = 00:00:17 . Memory (MB): peak = 1240.770 ; gain = 990.383
Command: write_bitstream -force top_traffic.bit
Attempting to get a license for feature 'Implementation' and/or device 'xc7z020'
INFO: [Common 17-349] Got license for feature 'Implementation' and/or device 'xc7z020'
Running DRC as a precondition to command write_bitstream
INFO: [IP_Flow 19-234] Refreshing IP repositories
INFO: [IP_Flow 19-1704] No user IP repositories specified
INFO: [IP_Flow 19-2313] Loaded Vivado IP repository 'E:/xilinx/Vivado/2018.3/data/ip'.
INFO: [DRC 23-27] Running DRC with 2 threads
WARNING: [DRC ZPS7-1] PS7 block required: The PS7 cell must be used in this Zynq design in order to enable correct default configuration.
INFO: [Vivado 12-3199] DRC finished with 0 Errors, 1 Warnings
INFO: [Vivado 12-3200] Please refer to the DRC report (report_drc) for more information.
INFO: [Designutils 20-2272] Running write_bitstream with 2 threads.
Loading data files...
Loading site data...
Loading route data...
Processing options...
Creating bitmap...
Creating bitstream...
Writing bitstream ./top_traffic.bit...
INFO: [Vivado 12-1842] Bitgen Completed Successfully.
INFO: [Project 1-120] WebTalk data collection is mandatory when using a WebPACK part without a full Vivado license. To see the specific WebTalk data collected for your design, open the usage_statistics_webtalk.html or usage_statistics_webtalk.xml file in the implementation directory.
INFO: [Common 17-83] Releasing license: Implementation
22 Infos, 1 Warnings, 0 Critical Warnings and 0 Errors encountered.
write_bitstream completed successfully
write_bitstream: Time (s): cpu = 00:00:18 ; elapsed = 00:00:20 . Memory (MB): peak = 1736.773 ; gain = 496.004
INFO: [Common 17-206] Exiting Vivado at Fri Aug  6 12:22:47 2021...
