
*** Running vivado
    with args -log hdmi_block_move_top.vds -m64 -product Vivado -mode batch -messageDb vivado.pb -notrace -source hdmi_block_move_top.tcl


****** Vivado v2018.3 (64-bit)
  **** SW Build 2405991 on Thu Dec  6 23:38:27 MST 2018
  **** IP Build 2404404 on Fri Dec  7 01:43:56 MST 2018
    ** Copyright 1986-2018 Xilinx, Inc. All Rights Reserved.

source hdmi_block_move_top.tcl -notrace
INFO: [IP_Flow 19-234] Refreshing IP repositories
WARNING: [IP_Flow 19-2248] Failed to load user IP repository 'c:/Users/Administrator/Nav_code_7010__PL/13_hdmi_block_move/user_ip'; Can't find the specified path.
If this directory should no longer be in your list of user repositories, go to the IP Settings dialog and remove it.
INFO: [IP_Flow 19-2313] Loaded Vivado IP repository 'D:/Xilinx/Vivado/2018.3/data/ip'.
Command: synth_design -top hdmi_block_move_top -part xc7z010clg400-1
Starting synth_design
Attempting to get a license for feature 'Synthesis' and/or device 'xc7z010'
INFO: [Common 17-349] Got license for feature 'Synthesis' and/or device 'xc7z010'
INFO: Launching helper process for spawning children vivado processes
INFO: Helper process launched with PID 3600 
---------------------------------------------------------------------------------
Starting RTL Elaboration : Time (s): cpu = 00:00:01 ; elapsed = 00:00:03 . Memory (MB): peak = 463.020 ; gain = 93.023
---------------------------------------------------------------------------------
INFO: [Synth 8-6157] synthesizing module 'hdmi_block_move_top' [C:/Users/Administrator/Desktop/15_hdmi_block_move/hdmi_block_move.srcs/sources_1/new/hdmi_block_move_top.v:29]
INFO: [Synth 8-6157] synthesizing module 'clk_wiz_0' [C:/Users/Administrator/Desktop/15_hdmi_block_move/hdmi_block_move.runs/synth_1/.Xil/Vivado-5340-USER-20180123QP/realtime/clk_wiz_0_stub.v:5]
INFO: [Synth 8-6155] done synthesizing module 'clk_wiz_0' (1#1) [C:/Users/Administrator/Desktop/15_hdmi_block_move/hdmi_block_move.runs/synth_1/.Xil/Vivado-5340-USER-20180123QP/realtime/clk_wiz_0_stub.v:5]
INFO: [Synth 8-6157] synthesizing module 'rgb_driver' [C:/Users/Administrator/Desktop/15_hdmi_block_move/hdmi_block_move.srcs/sources_1/new/rgb_driver.v:29]
	Parameter H_SYNC bound to: 11'b00000101000 
	Parameter H_BACK bound to: 11'b00011011100 
	Parameter H_DISP bound to: 11'b10100000000 
	Parameter H_FRONT bound to: 11'b00001101110 
	Parameter H_TOTAL bound to: 11'b11001110010 
	Parameter V_SYNC bound to: 11'b00000000101 
	Parameter V_BACK bound to: 11'b00000010100 
	Parameter V_DISP bound to: 11'b01011010000 
	Parameter V_FRONT bound to: 11'b00000000101 
	Parameter V_TOTAL bound to: 11'b01011101110 
INFO: [Synth 8-6155] done synthesizing module 'rgb_driver' (2#1) [C:/Users/Administrator/Desktop/15_hdmi_block_move/hdmi_block_move.srcs/sources_1/new/rgb_driver.v:29]
INFO: [Synth 8-6157] synthesizing module 'rgb_display' [C:/Users/Administrator/Desktop/15_hdmi_block_move/hdmi_block_move.srcs/sources_1/new/rgb_display.v:29]
	Parameter H_DISP bound to: 11'b10100000000 
	Parameter V_DISP bound to: 11'b01011010000 
	Parameter SIDE_W bound to: 11'b00000101000 
	Parameter BLOCK_W bound to: 11'b00000101000 
	Parameter BLUE bound to: 24'b000000000000000011111111 
	Parameter WHITE bound to: 24'b111111111111111111111111 
	Parameter BLACK bound to: 24'b000000000000000000000000 
INFO: [Synth 8-6155] done synthesizing module 'rgb_display' (3#1) [C:/Users/Administrator/Desktop/15_hdmi_block_move/hdmi_block_move.srcs/sources_1/new/rgb_display.v:29]
INFO: [Synth 8-6157] synthesizing module 'dvi_transmitter_top' [C:/Users/Administrator/Desktop/15_hdmi_block_move/hdmi_block_move.srcs/sources_1/new/dvi_transmitter_top.v:23]
INFO: [Synth 8-6157] synthesizing module 'asyn_rst_syn' [C:/Users/Administrator/Desktop/15_hdmi_block_move/hdmi_block_move.srcs/sources_1/new/asyn_rst_syn.v:23]
INFO: [Synth 8-6155] done synthesizing module 'asyn_rst_syn' (4#1) [C:/Users/Administrator/Desktop/15_hdmi_block_move/hdmi_block_move.srcs/sources_1/new/asyn_rst_syn.v:23]
INFO: [Synth 8-6157] synthesizing module 'dvi_encoder' [C:/Users/Administrator/Desktop/15_hdmi_block_move/hdmi_block_move.srcs/sources_1/new/dvi_encoder.v:21]
	Parameter CTRLTOKEN0 bound to: 10'b1101010100 
	Parameter CTRLTOKEN1 bound to: 10'b0010101011 
	Parameter CTRLTOKEN2 bound to: 10'b0101010100 
	Parameter CTRLTOKEN3 bound to: 10'b1010101011 
INFO: [Synth 8-6155] done synthesizing module 'dvi_encoder' (5#1) [C:/Users/Administrator/Desktop/15_hdmi_block_move/hdmi_block_move.srcs/sources_1/new/dvi_encoder.v:21]
INFO: [Synth 8-6157] synthesizing module 'serializer_10_to_1' [C:/Users/Administrator/Desktop/15_hdmi_block_move/hdmi_block_move.srcs/sources_1/new/serializer_10_to_1.v:25]
INFO: [Synth 8-6157] synthesizing module 'OSERDESE2' [D:/Xilinx/Vivado/2018.3/scripts/rt/data/unisim_comp.v:32215]
	Parameter DATA_RATE_OQ bound to: DDR - type: string 
	Parameter DATA_RATE_TQ bound to: SDR - type: string 
	Parameter DATA_WIDTH bound to: 10 - type: integer 
	Parameter INIT_OQ bound to: 1'b0 
	Parameter INIT_TQ bound to: 1'b0 
	Parameter IS_CLKDIV_INVERTED bound to: 1'b0 
	Parameter IS_CLK_INVERTED bound to: 1'b0 
	Parameter IS_D1_INVERTED bound to: 1'b0 
	Parameter IS_D2_INVERTED bound to: 1'b0 
	Parameter IS_D3_INVERTED bound to: 1'b0 
	Parameter IS_D4_INVERTED bound to: 1'b0 
	Parameter IS_D5_INVERTED bound to: 1'b0 
	Parameter IS_D6_INVERTED bound to: 1'b0 
	Parameter IS_D7_INVERTED bound to: 1'b0 
	Parameter IS_D8_INVERTED bound to: 1'b0 
	Parameter IS_T1_INVERTED bound to: 1'b0 
	Parameter IS_T2_INVERTED bound to: 1'b0 
	Parameter IS_T3_INVERTED bound to: 1'b0 
	Parameter IS_T4_INVERTED bound to: 1'b0 
	Parameter SERDES_MODE bound to: MASTER - type: string 
	Parameter SRVAL_OQ bound to: 1'b0 
	Parameter SRVAL_TQ bound to: 1'b0 
	Parameter TBYTE_CTL bound to: FALSE - type: string 
	Parameter TBYTE_SRC bound to: FALSE - type: string 
	Parameter TRISTATE_WIDTH bound to: 1 - type: integer 
INFO: [Synth 8-6155] done synthesizing module 'OSERDESE2' (6#1) [D:/Xilinx/Vivado/2018.3/scripts/rt/data/unisim_comp.v:32215]
INFO: [Synth 8-6157] synthesizing module 'OSERDESE2__parameterized0' [D:/Xilinx/Vivado/2018.3/scripts/rt/data/unisim_comp.v:32215]
	Parameter DATA_RATE_OQ bound to: DDR - type: string 
	Parameter DATA_RATE_TQ bound to: SDR - type: string 
	Parameter DATA_WIDTH bound to: 10 - type: integer 
	Parameter INIT_OQ bound to: 1'b0 
	Parameter INIT_TQ bound to: 1'b0 
	Parameter IS_CLKDIV_INVERTED bound to: 1'b0 
	Parameter IS_CLK_INVERTED bound to: 1'b0 
	Parameter IS_D1_INVERTED bound to: 1'b0 
	Parameter IS_D2_INVERTED bound to: 1'b0 
	Parameter IS_D3_INVERTED bound to: 1'b0 
	Parameter IS_D4_INVERTED bound to: 1'b0 
	Parameter IS_D5_INVERTED bound to: 1'b0 
	Parameter IS_D6_INVERTED bound to: 1'b0 
	Parameter IS_D7_INVERTED bound to: 1'b0 
	Parameter IS_D8_INVERTED bound to: 1'b0 
	Parameter IS_T1_INVERTED bound to: 1'b0 
	Parameter IS_T2_INVERTED bound to: 1'b0 
	Parameter IS_T3_INVERTED bound to: 1'b0 
	Parameter IS_T4_INVERTED bound to: 1'b0 
	Parameter SERDES_MODE bound to: SLAVE - type: string 
	Parameter SRVAL_OQ bound to: 1'b0 
	Parameter SRVAL_TQ bound to: 1'b0 
	Parameter TBYTE_CTL bound to: FALSE - type: string 
	Parameter TBYTE_SRC bound to: FALSE - type: string 
	Parameter TRISTATE_WIDTH bound to: 1 - type: integer 
INFO: [Synth 8-6155] done synthesizing module 'OSERDESE2__parameterized0' (6#1) [D:/Xilinx/Vivado/2018.3/scripts/rt/data/unisim_comp.v:32215]
INFO: [Synth 8-6155] done synthesizing module 'serializer_10_to_1' (7#1) [C:/Users/Administrator/Desktop/15_hdmi_block_move/hdmi_block_move.srcs/sources_1/new/serializer_10_to_1.v:25]
INFO: [Synth 8-6157] synthesizing module 'OBUFDS' [D:/Xilinx/Vivado/2018.3/scripts/rt/data/unisim_comp.v:28244]
	Parameter CAPACITANCE bound to: DONT_CARE - type: string 
	Parameter IOSTANDARD bound to: TMDS_33 - type: string 
	Parameter SLEW bound to: SLOW - type: string 
INFO: [Synth 8-6155] done synthesizing module 'OBUFDS' (8#1) [D:/Xilinx/Vivado/2018.3/scripts/rt/data/unisim_comp.v:28244]
INFO: [Synth 8-6155] done synthesizing module 'dvi_transmitter_top' (9#1) [C:/Users/Administrator/Desktop/15_hdmi_block_move/hdmi_block_move.srcs/sources_1/new/dvi_transmitter_top.v:23]
INFO: [Synth 8-6155] done synthesizing module 'hdmi_block_move_top' (10#1) [C:/Users/Administrator/Desktop/15_hdmi_block_move/hdmi_block_move.srcs/sources_1/new/hdmi_block_move_top.v:29]
---------------------------------------------------------------------------------
Finished RTL Elaboration : Time (s): cpu = 00:00:02 ; elapsed = 00:00:04 . Memory (MB): peak = 514.773 ; gain = 144.777
---------------------------------------------------------------------------------

Report Check Netlist: 
+------+------------------+-------+---------+-------+------------------+
|      |Item              |Errors |Warnings |Status |Description       |
+------+------------------+-------+---------+-------+------------------+
|1     |multi_driven_nets |      0|        0|Passed |Multi driven nets |
+------+------------------+-------+---------+-------+------------------+
---------------------------------------------------------------------------------
Start Handling Custom Attributes
---------------------------------------------------------------------------------
---------------------------------------------------------------------------------
Finished Handling Custom Attributes : Time (s): cpu = 00:00:02 ; elapsed = 00:00:04 . Memory (MB): peak = 514.773 ; gain = 144.777
---------------------------------------------------------------------------------
---------------------------------------------------------------------------------
Finished RTL Optimization Phase 1 : Time (s): cpu = 00:00:02 ; elapsed = 00:00:04 . Memory (MB): peak = 514.773 ; gain = 144.777
---------------------------------------------------------------------------------
INFO: [Netlist 29-17] Analyzing 4 Unisim elements for replacement
INFO: [Netlist 29-28] Unisim Transformation completed in 0 CPU seconds
INFO: [Device 21-403] Loading part xc7z010clg400-1
INFO: [Project 1-570] Preparing netlist for logic optimization

Processing XDC Constraints
Initializing timing engine
Parsing XDC File [c:/Users/Administrator/Desktop/15_hdmi_block_move/hdmi_block_move.srcs/sources_1/ip/clk_wiz_0_1/clk_wiz_0/clk_wiz_0_in_context.xdc] for cell 'clk_wiz_0'
Finished Parsing XDC File [c:/Users/Administrator/Desktop/15_hdmi_block_move/hdmi_block_move.srcs/sources_1/ip/clk_wiz_0_1/clk_wiz_0/clk_wiz_0_in_context.xdc] for cell 'clk_wiz_0'
Parsing XDC File [C:/Users/Administrator/Desktop/15_hdmi_block_move/hdmi_block_move.srcs/constrs_1/new/hdmi_block_move_top.xdc]
Finished Parsing XDC File [C:/Users/Administrator/Desktop/15_hdmi_block_move/hdmi_block_move.srcs/constrs_1/new/hdmi_block_move_top.xdc]
INFO: [Project 1-236] Implementation specific constraints were found while reading constraint file [C:/Users/Administrator/Desktop/15_hdmi_block_move/hdmi_block_move.srcs/constrs_1/new/hdmi_block_move_top.xdc]. These constraints will be ignored for synthesis but will be used in implementation. Impacted constraints are listed in the file [.Xil/hdmi_block_move_top_propImpl.xdc].
Resolution: To avoid this warning, move constraints listed in [.Xil/hdmi_block_move_top_propImpl.xdc] to another XDC file and exclude this new file from synthesis with the used_in_synthesis property (File Properties dialog in GUI) and re-run elaboration/synthesis.
Netlist sorting complete. Time (s): cpu = 00:00:00 ; elapsed = 00:00:00.001 . Memory (MB): peak = 858.059 ; gain = 0.000
Completed Processing XDC Constraints

Netlist sorting complete. Time (s): cpu = 00:00:00 ; elapsed = 00:00:00.001 . Memory (MB): peak = 858.059 ; gain = 0.000
INFO: [Project 1-111] Unisim Transformation Summary:
No Unisim elements were transformed.

Netlist sorting complete. Time (s): cpu = 00:00:00 ; elapsed = 00:00:00.001 . Memory (MB): peak = 858.059 ; gain = 0.000
Constraint Validation Runtime : Time (s): cpu = 00:00:00 ; elapsed = 00:00:00.016 . Memory (MB): peak = 858.059 ; gain = 0.000
---------------------------------------------------------------------------------
Finished Constraint Validation : Time (s): cpu = 00:00:11 ; elapsed = 00:00:15 . Memory (MB): peak = 858.059 ; gain = 488.063
---------------------------------------------------------------------------------
---------------------------------------------------------------------------------
Start Loading Part and Timing Information
---------------------------------------------------------------------------------
Loading part: xc7z010clg400-1
---------------------------------------------------------------------------------
Finished Loading Part and Timing Information : Time (s): cpu = 00:00:11 ; elapsed = 00:00:15 . Memory (MB): peak = 858.059 ; gain = 488.063
---------------------------------------------------------------------------------
---------------------------------------------------------------------------------
Start Applying 'set_property' XDC Constraints
---------------------------------------------------------------------------------
Applied set_property IO_BUFFER_TYPE = NONE for sys_clk. (constraint file  c:/Users/Administrator/Desktop/15_hdmi_block_move/hdmi_block_move.srcs/sources_1/ip/clk_wiz_0_1/clk_wiz_0/clk_wiz_0_in_context.xdc, line 4).
Applied set_property CLOCK_BUFFER_TYPE = NONE for sys_clk. (constraint file  c:/Users/Administrator/Desktop/15_hdmi_block_move/hdmi_block_move.srcs/sources_1/ip/clk_wiz_0_1/clk_wiz_0/clk_wiz_0_in_context.xdc, line 5).
Applied set_property DONT_TOUCH = true for clk_wiz_0. (constraint file  auto generated constraint, line ).
---------------------------------------------------------------------------------
Finished applying 'set_property' XDC Constraints : Time (s): cpu = 00:00:11 ; elapsed = 00:00:15 . Memory (MB): peak = 858.059 ; gain = 488.063
---------------------------------------------------------------------------------
INFO: [Synth 8-5546] ROM "cnt_v" won't be mapped to RAM because it is too sparse
INFO: [Synth 8-5818] HDL ADVISOR - The operator resource <adder> is shared. To prevent sharing consider applying a KEEP on the output of the operator [C:/Users/Administrator/Desktop/15_hdmi_block_move/hdmi_block_move.srcs/sources_1/new/rgb_display.v:107]
INFO: [Synth 8-5818] HDL ADVISOR - The operator resource <adder> is shared. To prevent sharing consider applying a KEEP on the output of the operator [C:/Users/Administrator/Desktop/15_hdmi_block_move/hdmi_block_move.srcs/sources_1/new/rgb_display.v:112]
INFO: [Synth 8-5546] ROM "h_direct" won't be mapped to RAM because it is too sparse
INFO: [Synth 8-5546] ROM "h_direct" won't be mapped to RAM because it is too sparse
INFO: [Synth 8-5546] ROM "v_direct" won't be mapped to RAM because it is too sparse
INFO: [Synth 8-5546] ROM "v_direct" won't be mapped to RAM because it is too sparse
INFO: [Synth 8-5546] ROM "move_en" won't be mapped to RAM because it is too sparse
INFO: [Synth 8-5818] HDL ADVISOR - The operator resource <adder> is shared. To prevent sharing consider applying a KEEP on the output of the operator [C:/Users/Administrator/Desktop/15_hdmi_block_move/hdmi_block_move.srcs/sources_1/new/dvi_encoder.v:125]
---------------------------------------------------------------------------------
Finished RTL Optimization Phase 2 : Time (s): cpu = 00:00:12 ; elapsed = 00:00:15 . Memory (MB): peak = 858.059 ; gain = 488.063
---------------------------------------------------------------------------------

Report RTL Partitions: 
+-+--------------+------------+----------+
| |RTL Partition |Replication |Instances |
+-+--------------+------------+----------+
+-+--------------+------------+----------+
---------------------------------------------------------------------------------
Start RTL Component Statistics 
---------------------------------------------------------------------------------
Detailed RTL Component Info : 
+---Adders : 
	   3 Input     12 Bit       Adders := 2     
	   2 Input     11 Bit       Adders := 7     
	   2 Input     10 Bit       Adders := 1     
	   5 Input      5 Bit       Adders := 6     
	   4 Input      5 Bit       Adders := 3     
	   8 Input      4 Bit       Adders := 6     
	   2 Input      4 Bit       Adders := 3     
+---XORs : 
	   2 Input      1 Bit         XORs := 42    
+---Registers : 
	               24 Bit    Registers := 1     
	               11 Bit    Registers := 3     
	               10 Bit    Registers := 4     
	                9 Bit    Registers := 3     
	                8 Bit    Registers := 3     
	                5 Bit    Registers := 3     
	                4 Bit    Registers := 9     
	                1 Bit    Registers := 22    
+---Muxes : 
	   2 Input     24 Bit        Muxes := 1     
	   4 Input     24 Bit        Muxes := 1     
	   2 Input     11 Bit        Muxes := 2     
	   5 Input     10 Bit        Muxes := 3     
	   2 Input     10 Bit        Muxes := 6     
	   2 Input      8 Bit        Muxes := 3     
	   2 Input      5 Bit        Muxes := 12    
	   2 Input      4 Bit        Muxes := 3     
	   2 Input      2 Bit        Muxes := 2     
	   2 Input      1 Bit        Muxes := 29    
	   3 Input      1 Bit        Muxes := 2     
---------------------------------------------------------------------------------
Finished RTL Component Statistics 
---------------------------------------------------------------------------------
---------------------------------------------------------------------------------
Start RTL Hierarchical Component Statistics 
---------------------------------------------------------------------------------
Hierarchical RTL Component report 
Module rgb_driver 
Detailed RTL Component Info : 
+---Adders : 
	   2 Input     11 Bit       Adders := 3     
	   2 Input     10 Bit       Adders := 1     
+---Registers : 
	               11 Bit    Registers := 1     
	               10 Bit    Registers := 1     
+---Muxes : 
	   2 Input     24 Bit        Muxes := 1     
	   2 Input     11 Bit        Muxes := 2     
	   2 Input      1 Bit        Muxes := 4     
Module rgb_display 
Detailed RTL Component Info : 
+---Adders : 
	   3 Input     12 Bit       Adders := 2     
	   2 Input     11 Bit       Adders := 4     
+---Registers : 
	               24 Bit    Registers := 1     
	               11 Bit    Registers := 2     
	                1 Bit    Registers := 2     
+---Muxes : 
	   4 Input     24 Bit        Muxes := 1     
	   2 Input      2 Bit        Muxes := 2     
	   2 Input      1 Bit        Muxes := 4     
	   3 Input      1 Bit        Muxes := 2     
Module asyn_rst_syn 
Detailed RTL Component Info : 
+---Registers : 
	                1 Bit    Registers := 2     
Module dvi_encoder 
Detailed RTL Component Info : 
+---Adders : 
	   5 Input      5 Bit       Adders := 2     
	   4 Input      5 Bit       Adders := 1     
	   8 Input      4 Bit       Adders := 2     
	   2 Input      4 Bit       Adders := 1     
+---XORs : 
	   2 Input      1 Bit         XORs := 14    
+---Registers : 
	               10 Bit    Registers := 1     
	                9 Bit    Registers := 1     
	                8 Bit    Registers := 1     
	                5 Bit    Registers := 1     
	                4 Bit    Registers := 3     
	                1 Bit    Registers := 6     
+---Muxes : 
	   5 Input     10 Bit        Muxes := 1     
	   2 Input     10 Bit        Muxes := 2     
	   2 Input      8 Bit        Muxes := 1     
	   2 Input      5 Bit        Muxes := 4     
	   2 Input      4 Bit        Muxes := 1     
	   2 Input      1 Bit        Muxes := 7     
---------------------------------------------------------------------------------
Finished RTL Hierarchical Component Statistics
---------------------------------------------------------------------------------
---------------------------------------------------------------------------------
Start Part Resource Summary
---------------------------------------------------------------------------------
Part Resources:
DSPs: 80 (col length:40)
BRAMs: 120 (col length: RAMB18 40 RAMB36 20)
---------------------------------------------------------------------------------
Finished Part Resource Summary
---------------------------------------------------------------------------------
---------------------------------------------------------------------------------
Start Cross Boundary and Area Optimization
---------------------------------------------------------------------------------
Warning: Parallel synthesis criteria is not met 
INFO: [Synth 8-4471] merging register 'u_rgb2dvi_0/encoder_g/de_q_reg' into 'u_rgb2dvi_0/encoder_b/de_q_reg' [C:/Users/Administrator/Desktop/15_hdmi_block_move/hdmi_block_move.srcs/sources_1/new/dvi_encoder.v:99]
INFO: [Synth 8-4471] merging register 'u_rgb2dvi_0/encoder_g/de_reg_reg' into 'u_rgb2dvi_0/encoder_b/de_reg_reg' [C:/Users/Administrator/Desktop/15_hdmi_block_move/hdmi_block_move.srcs/sources_1/new/dvi_encoder.v:100]
INFO: [Synth 8-4471] merging register 'u_rgb2dvi_0/encoder_g/c1_q_reg' into 'u_rgb2dvi_0/encoder_g/c0_q_reg' [C:/Users/Administrator/Desktop/15_hdmi_block_move/hdmi_block_move.srcs/sources_1/new/dvi_encoder.v:104]
INFO: [Synth 8-4471] merging register 'u_rgb2dvi_0/encoder_g/c1_reg_reg' into 'u_rgb2dvi_0/encoder_g/c0_reg_reg' [C:/Users/Administrator/Desktop/15_hdmi_block_move/hdmi_block_move.srcs/sources_1/new/dvi_encoder.v:105]
INFO: [Synth 8-4471] merging register 'u_rgb2dvi_0/encoder_r/de_q_reg' into 'u_rgb2dvi_0/encoder_b/de_q_reg' [C:/Users/Administrator/Desktop/15_hdmi_block_move/hdmi_block_move.srcs/sources_1/new/dvi_encoder.v:99]
INFO: [Synth 8-4471] merging register 'u_rgb2dvi_0/encoder_r/de_reg_reg' into 'u_rgb2dvi_0/encoder_b/de_reg_reg' [C:/Users/Administrator/Desktop/15_hdmi_block_move/hdmi_block_move.srcs/sources_1/new/dvi_encoder.v:100]
INFO: [Synth 8-4471] merging register 'u_rgb2dvi_0/encoder_r/c0_q_reg' into 'u_rgb2dvi_0/encoder_g/c0_q_reg' [C:/Users/Administrator/Desktop/15_hdmi_block_move/hdmi_block_move.srcs/sources_1/new/dvi_encoder.v:102]
INFO: [Synth 8-4471] merging register 'u_rgb2dvi_0/encoder_r/c0_reg_reg' into 'u_rgb2dvi_0/encoder_g/c0_reg_reg' [C:/Users/Administrator/Desktop/15_hdmi_block_move/hdmi_block_move.srcs/sources_1/new/dvi_encoder.v:103]
INFO: [Synth 8-4471] merging register 'u_rgb2dvi_0/encoder_r/c1_q_reg' into 'u_rgb2dvi_0/encoder_g/c0_q_reg' [C:/Users/Administrator/Desktop/15_hdmi_block_move/hdmi_block_move.srcs/sources_1/new/dvi_encoder.v:104]
INFO: [Synth 8-4471] merging register 'u_rgb2dvi_0/encoder_r/c1_reg_reg' into 'u_rgb2dvi_0/encoder_g/c0_reg_reg' [C:/Users/Administrator/Desktop/15_hdmi_block_move/hdmi_block_move.srcs/sources_1/new/dvi_encoder.v:105]
INFO: [Synth 8-5546] ROM "u_rgb_driver/cnt_v" won't be mapped to RAM because it is too sparse
INFO: [Synth 8-5546] ROM "u_rgb_display/move_en" won't be mapped to RAM because it is too sparse
INFO: [Synth 8-5546] ROM "u_rgb_display/h_direct" won't be mapped to RAM because it is too sparse
INFO: [Synth 8-5546] ROM "u_rgb_display/v_direct" won't be mapped to RAM because it is too sparse
INFO: [Synth 8-3886] merging instance 'u_rgb_display/pixel_data_reg[7]' (FD) to 'u_rgb_display/pixel_data_reg[6]'
INFO: [Synth 8-3886] merging instance 'u_rgb_display/pixel_data_reg[6]' (FD) to 'u_rgb_display/pixel_data_reg[4]'
INFO: [Synth 8-3886] merging instance 'u_rgb_display/pixel_data_reg[4]' (FD) to 'u_rgb_display/pixel_data_reg[5]'
INFO: [Synth 8-3886] merging instance 'u_rgb_display/pixel_data_reg[5]' (FD) to 'u_rgb_display/pixel_data_reg[3]'
INFO: [Synth 8-3886] merging instance 'u_rgb_display/pixel_data_reg[3]' (FD) to 'u_rgb_display/pixel_data_reg[2]'
INFO: [Synth 8-3886] merging instance 'u_rgb_display/pixel_data_reg[2]' (FD) to 'u_rgb_display/pixel_data_reg[1]'
INFO: [Synth 8-3886] merging instance 'u_rgb_display/pixel_data_reg[1]' (FD) to 'u_rgb_display/pixel_data_reg[0]'
INFO: [Synth 8-3886] merging instance 'u_rgb_display/pixel_data_reg[15]' (FD) to 'u_rgb_display/pixel_data_reg[14]'
INFO: [Synth 8-3886] merging instance 'u_rgb_display/pixel_data_reg[14]' (FD) to 'u_rgb_display/pixel_data_reg[12]'
INFO: [Synth 8-3886] merging instance 'u_rgb_display/pixel_data_reg[12]' (FD) to 'u_rgb_display/pixel_data_reg[13]'
INFO: [Synth 8-3886] merging instance 'u_rgb_display/pixel_data_reg[13]' (FD) to 'u_rgb_display/pixel_data_reg[11]'
INFO: [Synth 8-3886] merging instance 'u_rgb_display/pixel_data_reg[11]' (FD) to 'u_rgb_display/pixel_data_reg[10]'
INFO: [Synth 8-3886] merging instance 'u_rgb_display/pixel_data_reg[10]' (FD) to 'u_rgb_display/pixel_data_reg[9]'
INFO: [Synth 8-3886] merging instance 'u_rgb_display/pixel_data_reg[9]' (FD) to 'u_rgb_display/pixel_data_reg[8]'
INFO: [Synth 8-3886] merging instance 'u_rgb_display/pixel_data_reg[8]' (FD) to 'u_rgb_display/pixel_data_reg[23]'
INFO: [Synth 8-3886] merging instance 'u_rgb_display/pixel_data_reg[23]' (FD) to 'u_rgb_display/pixel_data_reg[22]'
INFO: [Synth 8-3886] merging instance 'u_rgb_display/pixel_data_reg[22]' (FD) to 'u_rgb_display/pixel_data_reg[20]'
INFO: [Synth 8-3886] merging instance 'u_rgb_display/pixel_data_reg[20]' (FD) to 'u_rgb_display/pixel_data_reg[21]'
INFO: [Synth 8-3886] merging instance 'u_rgb_display/pixel_data_reg[21]' (FD) to 'u_rgb_display/pixel_data_reg[19]'
INFO: [Synth 8-3886] merging instance 'u_rgb_display/pixel_data_reg[19]' (FD) to 'u_rgb_display/pixel_data_reg[18]'
INFO: [Synth 8-3886] merging instance 'u_rgb_display/pixel_data_reg[18]' (FD) to 'u_rgb_display/pixel_data_reg[17]'
INFO: [Synth 8-3886] merging instance 'u_rgb_display/pixel_data_reg[17]' (FD) to 'u_rgb_display/pixel_data_reg[16]'
INFO: [Synth 8-3333] propagating constant 0 across sequential element (\u_rgb2dvi_0/encoder_g/c0_q_reg )
INFO: [Synth 8-3886] merging instance 'u_rgb2dvi_0/encoder_b/n0q_m_reg[0]' (FD) to 'u_rgb2dvi_0/encoder_b/n1q_m_reg[0]'
INFO: [Synth 8-3886] merging instance 'u_rgb2dvi_0/encoder_g/n0q_m_reg[0]' (FD) to 'u_rgb2dvi_0/encoder_g/n1q_m_reg[0]'
INFO: [Synth 8-3886] merging instance 'u_rgb2dvi_0/encoder_r/n0q_m_reg[0]' (FD) to 'u_rgb2dvi_0/encoder_r/n1q_m_reg[0]'
INFO: [Synth 8-3886] merging instance 'u_rgb2dvi_0/encoder_g/c0_reg_reg' (FD) to 'u_rgb2dvi_0/encoder_g/c0_q_reg'
INFO: [Synth 8-3886] merging instance 'u_rgb2dvi_0/encoder_b/din_q_reg[7]' (FD) to 'u_rgb2dvi_0/encoder_b/n1d_reg[3]'
INFO: [Synth 8-3886] merging instance 'u_rgb2dvi_0/encoder_b/din_q_reg[6]' (FD) to 'u_rgb2dvi_0/encoder_b/n1d_reg[3]'
INFO: [Synth 8-3886] merging instance 'u_rgb2dvi_0/encoder_b/din_q_reg[5]' (FD) to 'u_rgb2dvi_0/encoder_b/n1d_reg[3]'
INFO: [Synth 8-3886] merging instance 'u_rgb2dvi_0/encoder_b/din_q_reg[4]' (FD) to 'u_rgb2dvi_0/encoder_b/n1d_reg[3]'
INFO: [Synth 8-3886] merging instance 'u_rgb2dvi_0/encoder_b/din_q_reg[3]' (FD) to 'u_rgb2dvi_0/encoder_b/n1d_reg[3]'
INFO: [Synth 8-3886] merging instance 'u_rgb2dvi_0/encoder_b/din_q_reg[2]' (FD) to 'u_rgb2dvi_0/encoder_b/n1d_reg[3]'
INFO: [Synth 8-3886] merging instance 'u_rgb2dvi_0/encoder_b/n1d_reg[0]' (FD) to 'u_rgb2dvi_0/encoder_r/n1d_reg[2]'
INFO: [Synth 8-3886] merging instance 'u_rgb2dvi_0/encoder_b/n1d_reg[3]' (FD) to 'u_rgb2dvi_0/encoder_b/din_q_reg[1]'
INFO: [Synth 8-3886] merging instance 'u_rgb2dvi_0/encoder_b/n1d_reg[1]' (FD) to 'u_rgb2dvi_0/encoder_r/n1d_reg[2]'
INFO: [Synth 8-3886] merging instance 'u_rgb2dvi_0/encoder_b/n1d_reg[2]' (FD) to 'u_rgb2dvi_0/encoder_r/n1d_reg[2]'
INFO: [Synth 8-3886] merging instance 'u_rgb2dvi_0/encoder_b/din_q_reg[1]' (FD) to 'u_rgb2dvi_0/encoder_b/din_q_reg[0]'
INFO: [Synth 8-3886] merging instance 'u_rgb2dvi_0/encoder_g/din_q_reg[7]' (FD) to 'u_rgb2dvi_0/encoder_g/n1d_reg[3]'
INFO: [Synth 8-3886] merging instance 'u_rgb2dvi_0/encoder_g/din_q_reg[6]' (FD) to 'u_rgb2dvi_0/encoder_g/n1d_reg[3]'
INFO: [Synth 8-3886] merging instance 'u_rgb2dvi_0/encoder_g/din_q_reg[5]' (FD) to 'u_rgb2dvi_0/encoder_g/n1d_reg[3]'
INFO: [Synth 8-3886] merging instance 'u_rgb2dvi_0/encoder_g/din_q_reg[4]' (FD) to 'u_rgb2dvi_0/encoder_g/n1d_reg[3]'
INFO: [Synth 8-3886] merging instance 'u_rgb2dvi_0/encoder_g/din_q_reg[3]' (FD) to 'u_rgb2dvi_0/encoder_g/n1d_reg[3]'
INFO: [Synth 8-3886] merging instance 'u_rgb2dvi_0/encoder_g/din_q_reg[2]' (FD) to 'u_rgb2dvi_0/encoder_g/n1d_reg[3]'
INFO: [Synth 8-3886] merging instance 'u_rgb2dvi_0/encoder_g/n1d_reg[0]' (FD) to 'u_rgb2dvi_0/encoder_r/n1d_reg[2]'
INFO: [Synth 8-3886] merging instance 'u_rgb2dvi_0/encoder_g/n1d_reg[3]' (FD) to 'u_rgb2dvi_0/encoder_g/din_q_reg[1]'
INFO: [Synth 8-3886] merging instance 'u_rgb2dvi_0/encoder_g/n1d_reg[1]' (FD) to 'u_rgb2dvi_0/encoder_r/n1d_reg[2]'
INFO: [Synth 8-3886] merging instance 'u_rgb2dvi_0/encoder_g/n1d_reg[2]' (FD) to 'u_rgb2dvi_0/encoder_r/n1d_reg[2]'
INFO: [Synth 8-3886] merging instance 'u_rgb2dvi_0/encoder_g/din_q_reg[1]' (FD) to 'u_rgb2dvi_0/encoder_g/din_q_reg[0]'
INFO: [Synth 8-3886] merging instance 'u_rgb2dvi_0/encoder_g/din_q_reg[0]' (FD) to 'u_rgb2dvi_0/encoder_r/n1d_reg[3]'
INFO: [Synth 8-3886] merging instance 'u_rgb2dvi_0/encoder_r/din_q_reg[7]' (FD) to 'u_rgb2dvi_0/encoder_r/n1d_reg[3]'
INFO: [Synth 8-3886] merging instance 'u_rgb2dvi_0/encoder_r/din_q_reg[6]' (FD) to 'u_rgb2dvi_0/encoder_r/n1d_reg[3]'
INFO: [Synth 8-3886] merging instance 'u_rgb2dvi_0/encoder_r/din_q_reg[5]' (FD) to 'u_rgb2dvi_0/encoder_r/n1d_reg[3]'
INFO: [Synth 8-3886] merging instance 'u_rgb2dvi_0/encoder_r/din_q_reg[4]' (FD) to 'u_rgb2dvi_0/encoder_r/n1d_reg[3]'
INFO: [Synth 8-3886] merging instance 'u_rgb2dvi_0/encoder_r/din_q_reg[3]' (FD) to 'u_rgb2dvi_0/encoder_r/n1d_reg[3]'
INFO: [Synth 8-3886] merging instance 'u_rgb2dvi_0/encoder_r/din_q_reg[2]' (FD) to 'u_rgb2dvi_0/encoder_r/n1d_reg[3]'
INFO: [Synth 8-3886] merging instance 'u_rgb2dvi_0/encoder_r/n1d_reg[0]' (FD) to 'u_rgb2dvi_0/encoder_r/n1d_reg[2]'
INFO: [Synth 8-3886] merging instance 'u_rgb2dvi_0/encoder_r/n1d_reg[3]' (FD) to 'u_rgb2dvi_0/encoder_r/din_q_reg[1]'
INFO: [Synth 8-3886] merging instance 'u_rgb2dvi_0/encoder_r/n1d_reg[1]' (FD) to 'u_rgb2dvi_0/encoder_r/n1d_reg[2]'
INFO: [Synth 8-3886] merging instance 'u_rgb2dvi_0/encoder_r/n1d_reg[2]' (FD) to 'u_rgb2dvi_0/encoder_g/c0_q_reg'
INFO: [Synth 8-3886] merging instance 'u_rgb2dvi_0/encoder_r/din_q_reg[1]' (FD) to 'u_rgb2dvi_0/encoder_r/din_q_reg[0]'
INFO: [Synth 8-3886] merging instance 'u_rgb2dvi_0/encoder_g/q_m_reg_reg[0]' (FD) to 'u_rgb2dvi_0/encoder_r/q_m_reg_reg[0]'
INFO: [Synth 8-3333] propagating constant 0 across sequential element (\u_rgb2dvi_0/encoder_g/c0_q_reg )
INFO: [Synth 8-3886] merging instance 'u_rgb2dvi_0/encoder_b/n1q_m_reg[0]' (FD) to 'u_rgb2dvi_0/encoder_r/n0q_m_reg[2]'
INFO: [Synth 8-3886] merging instance 'u_rgb2dvi_0/encoder_g/c0_q_reg' (FD) to 'u_rgb2dvi_0/encoder_r/n0q_m_reg[2]'
INFO: [Synth 8-3886] merging instance 'u_rgb2dvi_0/encoder_g/n1q_m_reg[0]' (FD) to 'u_rgb2dvi_0/encoder_r/n0q_m_reg[2]'
INFO: [Synth 8-3886] merging instance 'u_rgb2dvi_0/encoder_r/n1q_m_reg[0]' (FD) to 'u_rgb2dvi_0/encoder_r/n0q_m_reg[2]'
INFO: [Synth 8-3886] merging instance 'u_rgb2dvi_0/encoder_b/q_m_reg_reg[7]' (FD) to 'u_rgb2dvi_0/encoder_b/n1q_m_reg[3]'
INFO: [Synth 8-3886] merging instance 'u_rgb2dvi_0/encoder_b/q_m_reg_reg[6]' (FD) to 'u_rgb2dvi_0/encoder_b/n1q_m_reg[3]'
INFO: [Synth 8-3886] merging instance 'u_rgb2dvi_0/encoder_b/q_m_reg_reg[5]' (FD) to 'u_rgb2dvi_0/encoder_b/n1q_m_reg[3]'
INFO: [Synth 8-3886] merging instance 'u_rgb2dvi_0/encoder_b/q_m_reg_reg[4]' (FD) to 'u_rgb2dvi_0/encoder_b/n1q_m_reg[3]'
INFO: [Synth 8-3886] merging instance 'u_rgb2dvi_0/encoder_b/q_m_reg_reg[3]' (FD) to 'u_rgb2dvi_0/encoder_b/n1q_m_reg[3]'
INFO: [Synth 8-3886] merging instance 'u_rgb2dvi_0/encoder_b/q_m_reg_reg[2]' (FD) to 'u_rgb2dvi_0/encoder_b/n1q_m_reg[3]'
INFO: [Synth 8-3886] merging instance 'u_rgb2dvi_0/encoder_b/q_m_reg_reg[1]' (FD) to 'u_rgb2dvi_0/encoder_b/n1q_m_reg[3]'
INFO: [Synth 8-3886] merging instance 'u_rgb2dvi_0/encoder_b/q_m_reg_reg[0]' (FD) to 'u_rgb2dvi_0/encoder_b/n1q_m_reg[3]'
INFO: [Synth 8-3886] merging instance 'u_rgb2dvi_0/encoder_b/n0q_m_reg[1]' (FD) to 'u_rgb2dvi_0/encoder_r/n0q_m_reg[2]'
INFO: [Synth 8-3886] merging instance 'u_rgb2dvi_0/encoder_b/n1q_m_reg[1]' (FD) to 'u_rgb2dvi_0/encoder_r/n0q_m_reg[2]'
INFO: [Synth 8-3886] merging instance 'u_rgb2dvi_0/encoder_b/n0q_m_reg[2]' (FD) to 'u_rgb2dvi_0/encoder_r/n0q_m_reg[2]'
INFO: [Synth 8-3886] merging instance 'u_rgb2dvi_0/encoder_b/n1q_m_reg[2]' (FD) to 'u_rgb2dvi_0/encoder_r/n0q_m_reg[2]'
INFO: [Synth 8-3886] merging instance 'u_rgb2dvi_0/encoder_g/q_m_reg_reg[7]' (FD) to 'u_rgb2dvi_0/encoder_g/n1q_m_reg[3]'
INFO: [Synth 8-3886] merging instance 'u_rgb2dvi_0/encoder_g/q_m_reg_reg[6]' (FD) to 'u_rgb2dvi_0/encoder_g/n1q_m_reg[3]'
INFO: [Synth 8-3886] merging instance 'u_rgb2dvi_0/encoder_g/q_m_reg_reg[5]' (FD) to 'u_rgb2dvi_0/encoder_g/n1q_m_reg[3]'
INFO: [Synth 8-3886] merging instance 'u_rgb2dvi_0/encoder_g/q_m_reg_reg[4]' (FD) to 'u_rgb2dvi_0/encoder_g/n1q_m_reg[3]'
INFO: [Synth 8-3886] merging instance 'u_rgb2dvi_0/encoder_g/q_m_reg_reg[3]' (FD) to 'u_rgb2dvi_0/encoder_g/n1q_m_reg[3]'
INFO: [Synth 8-3886] merging instance 'u_rgb2dvi_0/encoder_g/q_m_reg_reg[2]' (FD) to 'u_rgb2dvi_0/encoder_g/n1q_m_reg[3]'
INFO: [Synth 8-3886] merging instance 'u_rgb2dvi_0/encoder_g/q_m_reg_reg[1]' (FD) to 'u_rgb2dvi_0/encoder_g/n1q_m_reg[3]'
INFO: [Synth 8-3886] merging instance 'u_rgb2dvi_0/encoder_g/q_m_reg_reg[8]' (FDR) to 'u_rgb2dvi_0/encoder_r/q_m_reg_reg[8]'
INFO: [Synth 8-3886] merging instance 'u_rgb2dvi_0/encoder_g/n0q_m_reg[3]' (FD) to 'u_rgb2dvi_0/encoder_r/n0q_m_reg[3]'
INFO: [Synth 8-3886] merging instance 'u_rgb2dvi_0/encoder_g/n1q_m_reg[3]' (FD) to 'u_rgb2dvi_0/encoder_r/n1q_m_reg[3]'
INFO: [Synth 8-3886] merging instance 'u_rgb2dvi_0/encoder_g/n0q_m_reg[1]' (FD) to 'u_rgb2dvi_0/encoder_r/n0q_m_reg[2]'
INFO: [Synth 8-3886] merging instance 'u_rgb2dvi_0/encoder_g/n1q_m_reg[1]' (FD) to 'u_rgb2dvi_0/encoder_r/n0q_m_reg[2]'
INFO: [Synth 8-3886] merging instance 'u_rgb2dvi_0/encoder_g/n0q_m_reg[2]' (FD) to 'u_rgb2dvi_0/encoder_r/n0q_m_reg[2]'
INFO: [Synth 8-3886] merging instance 'u_rgb2dvi_0/encoder_g/n1q_m_reg[2]' (FD) to 'u_rgb2dvi_0/encoder_r/n0q_m_reg[2]'
INFO: [Synth 8-3886] merging instance 'u_rgb2dvi_0/encoder_r/q_m_reg_reg[7]' (FD) to 'u_rgb2dvi_0/encoder_r/n1q_m_reg[3]'
INFO: [Synth 8-3886] merging instance 'u_rgb2dvi_0/encoder_r/q_m_reg_reg[6]' (FD) to 'u_rgb2dvi_0/encoder_r/n1q_m_reg[3]'
INFO: [Synth 8-3886] merging instance 'u_rgb2dvi_0/encoder_r/q_m_reg_reg[5]' (FD) to 'u_rgb2dvi_0/encoder_r/n1q_m_reg[3]'
INFO: [Synth 8-3886] merging instance 'u_rgb2dvi_0/encoder_r/q_m_reg_reg[4]' (FD) to 'u_rgb2dvi_0/encoder_r/n1q_m_reg[3]'
INFO: [Synth 8-3886] merging instance 'u_rgb2dvi_0/encoder_r/q_m_reg_reg[3]' (FD) to 'u_rgb2dvi_0/encoder_r/n1q_m_reg[3]'
INFO: [Synth 8-3886] merging instance 'u_rgb2dvi_0/encoder_r/q_m_reg_reg[2]' (FD) to 'u_rgb2dvi_0/encoder_r/n1q_m_reg[3]'
INFO: [Synth 8-3886] merging instance 'u_rgb2dvi_0/encoder_r/q_m_reg_reg[1]' (FD) to 'u_rgb2dvi_0/encoder_r/n1q_m_reg[3]'
INFO: [Synth 8-3886] merging instance 'u_rgb2dvi_0/encoder_r/q_m_reg_reg[0]' (FD) to 'u_rgb2dvi_0/encoder_r/n1q_m_reg[3]'
INFO: [Synth 8-3886] merging instance 'u_rgb2dvi_0/encoder_r/n0q_m_reg[1]' (FD) to 'u_rgb2dvi_0/encoder_r/n0q_m_reg[2]'
INFO: [Common 17-14] Message 'Synth 8-3886' appears 100 times and further instances of the messages will be disabled. Use the Tcl command set_msg_config to change the current settings.
INFO: [Synth 8-3333] propagating constant 0 across sequential element (\u_rgb2dvi_0/encoder_r/n1q_m_reg[2] )
---------------------------------------------------------------------------------
Finished Cross Boundary and Area Optimization : Time (s): cpu = 00:00:13 ; elapsed = 00:00:18 . Memory (MB): peak = 858.059 ; gain = 488.063
---------------------------------------------------------------------------------

Report RTL Partitions: 
+-+--------------+------------+----------+
| |RTL Partition |Replication |Instances |
+-+--------------+------------+----------+
+-+--------------+------------+----------+
---------------------------------------------------------------------------------
Start Applying XDC Timing Constraints
---------------------------------------------------------------------------------
INFO: [Synth 8-5578] Moved timing constraint from pin 'clk_wiz_0/clk_out1' to pin 'clk_wiz_0/bbstub_clk_out1/O'
INFO: [Synth 8-5578] Moved timing constraint from pin 'clk_wiz_0/clk_out2' to pin 'clk_wiz_0/bbstub_clk_out2/O'
INFO: [Synth 8-5819] Moved 2 constraints on hierarchical pins to their respective driving/loading pins
---------------------------------------------------------------------------------
Finished Applying XDC Timing Constraints : Time (s): cpu = 00:00:20 ; elapsed = 00:00:25 . Memory (MB): peak = 858.059 ; gain = 488.063
---------------------------------------------------------------------------------
---------------------------------------------------------------------------------
Start Timing Optimization
---------------------------------------------------------------------------------
---------------------------------------------------------------------------------
Finished Timing Optimization : Time (s): cpu = 00:00:21 ; elapsed = 00:00:25 . Memory (MB): peak = 884.273 ; gain = 514.277
---------------------------------------------------------------------------------

Report RTL Partitions: 
+-+--------------+------------+----------+
| |RTL Partition |Replication |Instances |
+-+--------------+------------+----------+
+-+--------------+------------+----------+
---------------------------------------------------------------------------------
Start Technology Mapping
---------------------------------------------------------------------------------
---------------------------------------------------------------------------------
Finished Technology Mapping : Time (s): cpu = 00:00:21 ; elapsed = 00:00:26 . Memory (MB): peak = 893.301 ; gain = 523.305
---------------------------------------------------------------------------------

Report RTL Partitions: 
+-+--------------+------------+----------+
| |RTL Partition |Replication |Instances |
+-+--------------+------------+----------+
+-+--------------+------------+----------+
---------------------------------------------------------------------------------
Start IO Insertion
---------------------------------------------------------------------------------
---------------------------------------------------------------------------------
Start Flattening Before IO Insertion
---------------------------------------------------------------------------------
---------------------------------------------------------------------------------
Finished Flattening Before IO Insertion
---------------------------------------------------------------------------------
---------------------------------------------------------------------------------
Start Final Netlist Cleanup
---------------------------------------------------------------------------------
---------------------------------------------------------------------------------
Finished Final Netlist Cleanup
---------------------------------------------------------------------------------
---------------------------------------------------------------------------------
Finished IO Insertion : Time (s): cpu = 00:00:22 ; elapsed = 00:00:26 . Memory (MB): peak = 893.301 ; gain = 523.305
---------------------------------------------------------------------------------

Report Check Netlist: 
+------+------------------+-------+---------+-------+------------------+
|      |Item              |Errors |Warnings |Status |Description       |
+------+------------------+-------+---------+-------+------------------+
|1     |multi_driven_nets |      0|        0|Passed |Multi driven nets |
+------+------------------+-------+---------+-------+------------------+
---------------------------------------------------------------------------------
Start Renaming Generated Instances
---------------------------------------------------------------------------------
---------------------------------------------------------------------------------
Finished Renaming Generated Instances : Time (s): cpu = 00:00:22 ; elapsed = 00:00:26 . Memory (MB): peak = 893.301 ; gain = 523.305
---------------------------------------------------------------------------------

Report RTL Partitions: 
+-+--------------+------------+----------+
| |RTL Partition |Replication |Instances |
+-+--------------+------------+----------+
+-+--------------+------------+----------+
---------------------------------------------------------------------------------
Start Rebuilding User Hierarchy
---------------------------------------------------------------------------------
---------------------------------------------------------------------------------
Finished Rebuilding User Hierarchy : Time (s): cpu = 00:00:22 ; elapsed = 00:00:26 . Memory (MB): peak = 893.301 ; gain = 523.305
---------------------------------------------------------------------------------
---------------------------------------------------------------------------------
Start Renaming Generated Ports
---------------------------------------------------------------------------------
---------------------------------------------------------------------------------
Finished Renaming Generated Ports : Time (s): cpu = 00:00:22 ; elapsed = 00:00:26 . Memory (MB): peak = 893.301 ; gain = 523.305
---------------------------------------------------------------------------------
---------------------------------------------------------------------------------
Start Handling Custom Attributes
---------------------------------------------------------------------------------
---------------------------------------------------------------------------------
Finished Handling Custom Attributes : Time (s): cpu = 00:00:22 ; elapsed = 00:00:26 . Memory (MB): peak = 893.301 ; gain = 523.305
---------------------------------------------------------------------------------
---------------------------------------------------------------------------------
Start Renaming Generated Nets
---------------------------------------------------------------------------------
---------------------------------------------------------------------------------
Finished Renaming Generated Nets : Time (s): cpu = 00:00:22 ; elapsed = 00:00:27 . Memory (MB): peak = 893.301 ; gain = 523.305
---------------------------------------------------------------------------------
---------------------------------------------------------------------------------
Start Writing Synthesis Report
---------------------------------------------------------------------------------

Report BlackBoxes: 
+------+--------------+----------+
|      |BlackBox name |Instances |
+------+--------------+----------+
|1     |clk_wiz_0     |         1|
+------+--------------+----------+

Report Cell Usage: 
+------+------------+------+
|      |Cell        |Count |
+------+------------+------+
|1     |clk_wiz_0   |     1|
|2     |CARRY4      |    21|
|3     |LUT1        |    12|
|4     |LUT2        |    39|
|5     |LUT3        |    20|
|6     |LUT4        |    49|
|7     |LUT5        |    38|
|8     |LUT6        |    90|
|9     |OSERDESE2   |     4|
|10    |OSERDESE2_1 |     4|
|11    |FDCE        |    23|
|12    |FDPE        |     2|
|13    |FDRE        |    77|
|14    |FDSE        |     4|
|15    |IBUF        |     1|
|16    |OBUFDS      |     4|
+------+------------+------+

Report Instance Areas: 
+------+-------------------+---------------------+------+
|      |Instance           |Module               |Cells |
+------+-------------------+---------------------+------+
|1     |top                |                     |   391|
|2     |  u_rgb2dvi_0      |dvi_transmitter_top  |   110|
|3     |    encoder_b      |dvi_encoder          |    39|
|4     |    encoder_g      |dvi_encoder_0        |    25|
|5     |    encoder_r      |dvi_encoder_1        |    32|
|6     |    reset_syn      |asyn_rst_syn         |     2|
|7     |    serializer_b   |serializer_10_to_1   |     2|
|8     |    serializer_clk |serializer_10_to_1_2 |     2|
|9     |    serializer_g   |serializer_10_to_1_3 |     2|
|10    |    serializer_r   |serializer_10_to_1_4 |     2|
|11    |  u_rgb_display    |rgb_display          |   133|
|12    |  u_rgb_driver     |rgb_driver           |   144|
+------+-------------------+---------------------+------+
---------------------------------------------------------------------------------
Finished Writing Synthesis Report : Time (s): cpu = 00:00:22 ; elapsed = 00:00:27 . Memory (MB): peak = 893.301 ; gain = 523.305
---------------------------------------------------------------------------------
Synthesis finished with 0 errors, 0 critical warnings and 0 warnings.
Synthesis Optimization Runtime : Time (s): cpu = 00:00:13 ; elapsed = 00:00:17 . Memory (MB): peak = 893.301 ; gain = 180.020
Synthesis Optimization Complete : Time (s): cpu = 00:00:22 ; elapsed = 00:00:27 . Memory (MB): peak = 893.301 ; gain = 523.305
INFO: [Project 1-571] Translating synthesized netlist
INFO: [Netlist 29-17] Analyzing 25 Unisim elements for replacement
INFO: [Netlist 29-28] Unisim Transformation completed in 0 CPU seconds
INFO: [Project 1-570] Preparing netlist for logic optimization
INFO: [Opt 31-138] Pushed 0 inverter(s) to 0 load pin(s).
Netlist sorting complete. Time (s): cpu = 00:00:00 ; elapsed = 00:00:00 . Memory (MB): peak = 893.301 ; gain = 0.000
INFO: [Project 1-111] Unisim Transformation Summary:
No Unisim elements were transformed.

INFO: [Common 17-83] Releasing license: Synthesis
168 Infos, 1 Warnings, 0 Critical Warnings and 0 Errors encountered.
synth_design completed successfully
synth_design: Time (s): cpu = 00:00:24 ; elapsed = 00:00:29 . Memory (MB): peak = 893.301 ; gain = 534.773
Netlist sorting complete. Time (s): cpu = 00:00:00 ; elapsed = 00:00:00 . Memory (MB): peak = 893.301 ; gain = 0.000
WARNING: [Constraints 18-5210] No constraints selected for write.
Resolution: This message can indicate that there are no constraints for the design, or it can indicate that the used_in flags are set such that the constraints are ignored. This later case is used when running synth_design to not write synthesis constraints to the resulting checkpoint. Instead, project constraints are read when the synthesized design is opened.
INFO: [Common 17-1381] The checkpoint 'C:/Users/Administrator/Desktop/15_hdmi_block_move/hdmi_block_move.runs/synth_1/hdmi_block_move_top.dcp' has been generated.
INFO: [runtcl-4] Executing : report_utilization -file hdmi_block_move_top_utilization_synth.rpt -pb hdmi_block_move_top_utilization_synth.pb
INFO: [Common 17-206] Exiting Vivado at Fri Sep 17 09:13:53 2021...
