Vivado Simulator 2018.3
Copyright 1986-1999, 2001-2018 Xilinx, Inc. All Rights Reserved.
Running: D:/Xilinx/Vivado/2018.3/bin/unwrapped/win64.o/xelab.exe -wto 36ac751a951d41e890eb5f9cfe6b7d29 --incr --debug typical --relax --mt 2 -L blk_mem_gen_v8_4_2 -L xil_defaultlib -L unisims_ver -L unimacro_ver -L secureip -L xpm --snapshot tb_lcd_rgb_char_behav xil_defaultlib.tb_lcd_rgb_char xil_defaultlib.glbl -log elaborate.log 
Using 2 slave threads.
Starting static elaboration
Completed static elaboration
Starting simulation data flow analysis
Completed simulation data flow analysis
Time Resolution for simulation is 1ps
Compiling module xil_defaultlib.rd_id
Compiling module xil_defaultlib.clk_div
Compiling module blk_mem_gen_v8_4_2.blk_mem_gen_v8_4_2_output_stage(...
Compiling module blk_mem_gen_v8_4_2.blk_mem_gen_v8_4_2_output_stage(...
Compiling module blk_mem_gen_v8_4_2.blk_mem_gen_v8_4_2_softecc_outpu...
Compiling module blk_mem_gen_v8_4_2.blk_mem_gen_v8_4_2_mem_module(C_...
Compiling module blk_mem_gen_v8_4_2.blk_mem_gen_v8_4_2(C_FAMILY="zyn...
Compiling module xil_defaultlib.blk_mem_gen_0
Compiling module xil_defaultlib.lcd_display
Compiling module xil_defaultlib.lcd_driver
Compiling module xil_defaultlib.lcd_rgb_char
Compiling module xil_defaultlib.tb_lcd_rgb_char
Compiling module xil_defaultlib.glbl
Built simulation snapshot tb_lcd_rgb_char_behav
