#-----------------------------------------------------------
# Vivado v2019.2 (64-bit)
# SW Build 2708876 on Wed Nov  6 21:40:23 MST 2019
# IP Build 2700528 on Thu Nov  7 00:09:20 MST 2019
# Start of session at: Sun Jul 16 21:20:20 2023
# Process ID: 1252
# Current directory: C:/Users/Winter/Desktop/科研/Research/FPGA/2_key_led
# Command line: vivado.exe -gui_launcher_event rodinguilauncherevent26180 C:\Users\Winter\Desktop\科研\Research\FPGA\2_key_led\key_led.xpr
# Log file: C:/Users/Winter/Desktop/科研/Research/FPGA/2_key_led/vivado.log
# Journal file: C:/Users/Winter/Desktop/科研/Research/FPGA/2_key_led\vivado.jou
#-----------------------------------------------------------
start_gui
open_project C:/Users/Winter/Desktop/科研/Research/FPGA/2_key_led/key_led.xpr
INFO: [Project 1-313] Project file moved from 'D:/ZYNQ7020/7010/RLT/2_key_led' since last save.
Scanning sources...
Finished scanning sources
INFO: [Project 1-230] Project 'key_led.xpr' upgraded for this version of Vivado.
INFO: [IP_Flow 19-234] Refreshing IP repositories
INFO: [IP_Flow 19-1704] No user IP repositories specified
INFO: [IP_Flow 19-2313] Loaded Vivado IP repository 'D:/Software/Xilinx/Vivado2019.2/Vivado/2019.2/data/ip'.
exit
INFO: [Common 17-206] Exiting Vivado at Sun Jul 16 21:22:42 2023...
