
*** Running vivado
    with args -log hs_dual_ad.vdi -applog -m64 -product Vivado -messageDb vivado.pb -mode batch -source hs_dual_ad.tcl -notrace


****** Vivado v2018.3 (64-bit)
  **** SW Build 2405991 on Thu Dec  6 23:38:27 MST 2018
  **** IP Build 2404404 on Fri Dec  7 01:43:56 MST 2018
    ** Copyright 1986-2018 Xilinx, Inc. All Rights Reserved.

source hs_dual_ad.tcl -notrace
Command: link_design -top hs_dual_ad -part xc7z010clg400-1
Design is defaulting to srcset: sources_1
Design is defaulting to constrset: constrs_1
INFO: [Project 1-454] Reading design checkpoint 'c:/Users/ASUS/Desktop/20_hs_dual_ad/hs_dual_ad.srcs/sources_1/ip/clk_wiz_0/clk_wiz_0.dcp' for cell 'u_clk_wiz_0'
INFO: [Project 1-454] Reading design checkpoint 'c:/Users/ASUS/Desktop/20_hs_dual_ad/hs_dual_ad.srcs/sources_1/ip/ila_0/ila_0.dcp' for cell 'u_ila_0'
INFO: [Netlist 29-17] Analyzing 94 Unisim elements for replacement
INFO: [Netlist 29-28] Unisim Transformation completed in 0 CPU seconds
INFO: [Project 1-479] Netlist was created with Vivado 2018.3
INFO: [Device 21-403] Loading part xc7z010clg400-1
INFO: [Project 1-570] Preparing netlist for logic optimization
INFO: [Chipscope 16-324] Core: u_ila_0 UUID: 23e7d65a-79bc-59f7-bc47-406c1714dfae 
Parsing XDC File [c:/Users/ASUS/Desktop/20_hs_dual_ad/hs_dual_ad.srcs/sources_1/ip/clk_wiz_0/clk_wiz_0_board.xdc] for cell 'u_clk_wiz_0/inst'
Finished Parsing XDC File [c:/Users/ASUS/Desktop/20_hs_dual_ad/hs_dual_ad.srcs/sources_1/ip/clk_wiz_0/clk_wiz_0_board.xdc] for cell 'u_clk_wiz_0/inst'
Parsing XDC File [c:/Users/ASUS/Desktop/20_hs_dual_ad/hs_dual_ad.srcs/sources_1/ip/clk_wiz_0/clk_wiz_0.xdc] for cell 'u_clk_wiz_0/inst'
INFO: [Timing 38-35] Done setting XDC timing constraints. [c:/Users/ASUS/Desktop/20_hs_dual_ad/hs_dual_ad.srcs/sources_1/ip/clk_wiz_0/clk_wiz_0.xdc:57]
INFO: [Timing 38-2] Deriving generated clocks [c:/Users/ASUS/Desktop/20_hs_dual_ad/hs_dual_ad.srcs/sources_1/ip/clk_wiz_0/clk_wiz_0.xdc:57]
get_clocks: Time (s): cpu = 00:00:06 ; elapsed = 00:00:06 . Memory (MB): peak = 1290.188 ; gain = 551.621
Finished Parsing XDC File [c:/Users/ASUS/Desktop/20_hs_dual_ad/hs_dual_ad.srcs/sources_1/ip/clk_wiz_0/clk_wiz_0.xdc] for cell 'u_clk_wiz_0/inst'
Parsing XDC File [c:/Users/ASUS/Desktop/20_hs_dual_ad/hs_dual_ad.srcs/sources_1/ip/ila_0/ila_v6_2/constraints/ila_impl.xdc] for cell 'u_ila_0/inst'
Finished Parsing XDC File [c:/Users/ASUS/Desktop/20_hs_dual_ad/hs_dual_ad.srcs/sources_1/ip/ila_0/ila_v6_2/constraints/ila_impl.xdc] for cell 'u_ila_0/inst'
Parsing XDC File [c:/Users/ASUS/Desktop/20_hs_dual_ad/hs_dual_ad.srcs/sources_1/ip/ila_0/ila_v6_2/constraints/ila.xdc] for cell 'u_ila_0/inst'
Finished Parsing XDC File [c:/Users/ASUS/Desktop/20_hs_dual_ad/hs_dual_ad.srcs/sources_1/ip/ila_0/ila_v6_2/constraints/ila.xdc] for cell 'u_ila_0/inst'
Parsing XDC File [C:/Users/ASUS/Desktop/20_hs_dual_ad/hs_dual_ad.srcs/constrs_1/new/pin.xdc]
WARNING: [Constraints 18-619] A clock with name 'sys_clk' already exists, overwriting the previous clock with the same name. [C:/Users/ASUS/Desktop/20_hs_dual_ad/hs_dual_ad.srcs/constrs_1/new/pin.xdc:2]
CRITICAL WARNING: [Netlist 29-177] Cannot set property 'BITSTREAM.CONFIG.SPI_BUSWIDTH' because the property does not exist. [C:/Users/ASUS/Desktop/20_hs_dual_ad/hs_dual_ad.srcs/constrs_1/new/pin.xdc:5]
Resolution: Create this property using create_property command before setting it.
CRITICAL WARNING: [Netlist 29-154] Cannot set property 'CONFIG_MODE' because incorrect value 'SPIx4' specified. Expecting type 'enum' with possible values of 'B_SCAN'. [C:/Users/ASUS/Desktop/20_hs_dual_ad/hs_dual_ad.srcs/constrs_1/new/pin.xdc:6]
Resolution: Please check the value of the property and set to a correct value.
CRITICAL WARNING: [Netlist 29-177] Cannot set property 'BITSTREAM.CONFIG.CONFIGRATE' because the property does not exist. [C:/Users/ASUS/Desktop/20_hs_dual_ad/hs_dual_ad.srcs/constrs_1/new/pin.xdc:7]
Resolution: Create this property using create_property command before setting it.
Finished Parsing XDC File [C:/Users/ASUS/Desktop/20_hs_dual_ad/hs_dual_ad.srcs/constrs_1/new/pin.xdc]
INFO: [Opt 31-138] Pushed 0 inverter(s) to 0 load pin(s).
Netlist sorting complete. Time (s): cpu = 00:00:00 ; elapsed = 00:00:00.001 . Memory (MB): peak = 1294.352 ; gain = 0.000
INFO: [Project 1-111] Unisim Transformation Summary:
  A total of 52 instances were transformed.
  CFGLUT5 => CFGLUT5 (SRLC32E, SRL16E): 52 instances

12 Infos, 1 Warnings, 3 Critical Warnings and 0 Errors encountered.
link_design completed successfully
link_design: Time (s): cpu = 00:00:11 ; elapsed = 00:00:12 . Memory (MB): peak = 1294.352 ; gain = 899.566
Command: opt_design
Attempting to get a license for feature 'Implementation' and/or device 'xc7z010'
INFO: [Common 17-349] Got license for feature 'Implementation' and/or device 'xc7z010'
Running DRC as a precondition to command opt_design

Starting DRC Task
INFO: [DRC 23-27] Running DRC with 2 threads
INFO: [Project 1-461] DRC finished with 0 Errors
INFO: [Project 1-462] Please refer to the DRC report (report_drc) for more information.

Time (s): cpu = 00:00:01 ; elapsed = 00:00:00.516 . Memory (MB): peak = 1294.352 ; gain = 0.000

Starting Cache Timing Information Task
INFO: [Timing 38-35] Done setting XDC timing constraints.
Ending Cache Timing Information Task | Checksum: 1c5e64778

Time (s): cpu = 00:00:00 ; elapsed = 00:00:00.076 . Memory (MB): peak = 1307.332 ; gain = 12.980

Starting Logic Optimization Task

Phase 1 Generate And Synthesize Debug Cores
INFO: [Chipscope 16-329] Generating Script for core instance : dbg_hub 
INFO: [IP_Flow 19-3806] Processing IP xilinx.com:ip:xsdbm:3.0 for cell dbg_hub_CV.
INFO: [Chipscope 16-220] Re-using generated and synthesized IP, "xilinx.com:ip:xsdbm:3.0", from Vivado IP cache entry "4e0cba286e51229f".
Netlist sorting complete. Time (s): cpu = 00:00:00 ; elapsed = 00:00:00.019 . Memory (MB): peak = 1416.316 ; gain = 0.000
Phase 1 Generate And Synthesize Debug Cores | Checksum: 173b321c5

Time (s): cpu = 00:00:01 ; elapsed = 00:00:08 . Memory (MB): peak = 1416.316 ; gain = 20.918

Phase 2 Retarget
INFO: [Opt 31-138] Pushed 0 inverter(s) to 0 load pin(s).
INFO: [Opt 31-49] Retargeted 0 cell(s).
Phase 2 Retarget | Checksum: 26a30836a

Time (s): cpu = 00:00:01 ; elapsed = 00:00:08 . Memory (MB): peak = 1416.316 ; gain = 20.918
INFO: [Opt 31-389] Phase Retarget created 4 cells and removed 11 cells
INFO: [Opt 31-1021] In phase Retarget, 211 netlist objects are constrained preventing optimization. Please run opt_design with -debug_log to get more detail. 

Phase 3 Constant propagation
INFO: [Opt 31-138] Pushed 0 inverter(s) to 0 load pin(s).
Phase 3 Constant propagation | Checksum: 27aeadf6a

Time (s): cpu = 00:00:01 ; elapsed = 00:00:08 . Memory (MB): peak = 1416.316 ; gain = 20.918
INFO: [Opt 31-389] Phase Constant propagation created 0 cells and removed 16 cells
INFO: [Opt 31-1021] In phase Constant propagation, 167 netlist objects are constrained preventing optimization. Please run opt_design with -debug_log to get more detail. 

Phase 4 Sweep
Phase 4 Sweep | Checksum: 2aa0a8df8

Time (s): cpu = 00:00:01 ; elapsed = 00:00:08 . Memory (MB): peak = 1416.316 ; gain = 20.918
INFO: [Opt 31-389] Phase Sweep created 0 cells and removed 40 cells
INFO: [Opt 31-1021] In phase Sweep, 893 netlist objects are constrained preventing optimization. Please run opt_design with -debug_log to get more detail. 

Phase 5 BUFG optimization
INFO: [Opt 31-194] Inserted BUFG u_clk_wiz_0/inst/clk_out1_clk_wiz_0_BUFG_inst to drive 0 load(s) on clock net u_clk_wiz_0/inst/clk_out1_clk_wiz_0_BUFG
INFO: [Opt 31-193] Inserted 1 BUFG(s) on clock nets
Phase 5 BUFG optimization | Checksum: 1f6a7e0be

Time (s): cpu = 00:00:01 ; elapsed = 00:00:08 . Memory (MB): peak = 1416.316 ; gain = 20.918
INFO: [Opt 31-662] Phase BUFG optimization created 0 cells of which 0 are BUFGs and removed 0 cells.

Phase 6 Shift Register Optimization
Phase 6 Shift Register Optimization | Checksum: 24b4b5c62

Time (s): cpu = 00:00:01 ; elapsed = 00:00:09 . Memory (MB): peak = 1416.316 ; gain = 20.918
INFO: [Opt 31-389] Phase Shift Register Optimization created 0 cells and removed 0 cells

Phase 7 Post Processing Netlist
Phase 7 Post Processing Netlist | Checksum: 197021027

Time (s): cpu = 00:00:01 ; elapsed = 00:00:09 . Memory (MB): peak = 1416.316 ; gain = 20.918
INFO: [Opt 31-389] Phase Post Processing Netlist created 0 cells and removed 0 cells
INFO: [Opt 31-1021] In phase Post Processing Netlist, 63 netlist objects are constrained preventing optimization. Please run opt_design with -debug_log to get more detail. 
Opt_design Change Summary
=========================


-------------------------------------------------------------------------------------------------------------------------
|  Phase                        |  #Cells created  |  #Cells Removed  |  #Constrained objects preventing optimizations  |
-------------------------------------------------------------------------------------------------------------------------
|  Retarget                     |               4  |              11  |                                            211  |
|  Constant propagation         |               0  |              16  |                                            167  |
|  Sweep                        |               0  |              40  |                                            893  |
|  BUFG optimization            |               0  |               0  |                                              0  |
|  Shift Register Optimization  |               0  |               0  |                                              0  |
|  Post Processing Netlist      |               0  |               0  |                                             63  |
-------------------------------------------------------------------------------------------------------------------------



Starting Connectivity Check Task

Time (s): cpu = 00:00:00 ; elapsed = 00:00:00.004 . Memory (MB): peak = 1416.316 ; gain = 0.000
Ending Logic Optimization Task | Checksum: 21e0f3a1d

Time (s): cpu = 00:00:01 ; elapsed = 00:00:09 . Memory (MB): peak = 1416.316 ; gain = 20.918

Starting Power Optimization Task
INFO: [Pwropt 34-132] Skipping clock gating for clocks with a period < 2.00 ns.
INFO: [Timing 38-35] Done setting XDC timing constraints.
INFO: [Pwropt 34-9] Applying IDT optimizations ...
INFO: [Pwropt 34-10] Applying ODC optimizations ...
INFO: [Physopt 32-619] Estimated Timing Summary | WNS=19.498 | TNS=0.000 |
Running Vector-less Activity Propagation...

Finished Running Vector-less Activity Propagation


Starting PowerOpt Patch Enables Task
INFO: [Pwropt 34-162] WRITE_MODE attribute of 0 BRAM(s) out of a total of 6 has been updated to save power. Run report_power_opt to get a complete listing of the BRAMs updated.
INFO: [Pwropt 34-201] Structural ODC has moved 0 WE to EN ports
Number of BRAM Ports augmented: 10 newly gated: 0 Total Ports: 12
Ending PowerOpt Patch Enables Task | Checksum: 167a3f4c5

Time (s): cpu = 00:00:00 ; elapsed = 00:00:00.039 . Memory (MB): peak = 1594.320 ; gain = 0.000
Ending Power Optimization Task | Checksum: 167a3f4c5

Time (s): cpu = 00:00:02 ; elapsed = 00:00:01 . Memory (MB): peak = 1594.320 ; gain = 178.004

Starting Final Cleanup Task
Ending Final Cleanup Task | Checksum: 167a3f4c5

Time (s): cpu = 00:00:00 ; elapsed = 00:00:00 . Memory (MB): peak = 1594.320 ; gain = 0.000

Starting Netlist Obfuscation Task
Netlist sorting complete. Time (s): cpu = 00:00:00 ; elapsed = 00:00:00.003 . Memory (MB): peak = 1594.320 ; gain = 0.000
Ending Netlist Obfuscation Task | Checksum: 18f6a347e

Time (s): cpu = 00:00:00 ; elapsed = 00:00:00.003 . Memory (MB): peak = 1594.320 ; gain = 0.000
INFO: [Common 17-83] Releasing license: Implementation
46 Infos, 1 Warnings, 3 Critical Warnings and 0 Errors encountered.
opt_design completed successfully
opt_design: Time (s): cpu = 00:00:05 ; elapsed = 00:00:11 . Memory (MB): peak = 1594.320 ; gain = 299.969
Netlist sorting complete. Time (s): cpu = 00:00:00 ; elapsed = 00:00:00.001 . Memory (MB): peak = 1594.320 ; gain = 0.000
INFO: [Timing 38-480] Writing timing data to binary archive.
Writing placer database...
Writing XDEF routing.
Writing XDEF routing logical nets.
Writing XDEF routing special nets.
Write XDEF Complete: Time (s): cpu = 00:00:00 ; elapsed = 00:00:00.039 . Memory (MB): peak = 1594.320 ; gain = 0.000
Netlist sorting complete. Time (s): cpu = 00:00:00 ; elapsed = 00:00:00.002 . Memory (MB): peak = 1594.320 ; gain = 0.000
INFO: [Common 17-1381] The checkpoint 'C:/Users/ASUS/Desktop/20_hs_dual_ad/hs_dual_ad.runs/impl_1/hs_dual_ad_opt.dcp' has been generated.
INFO: [runtcl-4] Executing : report_drc -file hs_dual_ad_drc_opted.rpt -pb hs_dual_ad_drc_opted.pb -rpx hs_dual_ad_drc_opted.rpx
Command: report_drc -file hs_dual_ad_drc_opted.rpt -pb hs_dual_ad_drc_opted.pb -rpx hs_dual_ad_drc_opted.rpx
INFO: [IP_Flow 19-1839] IP Catalog is up to date.
INFO: [DRC 23-27] Running DRC with 2 threads
INFO: [Coretcl 2-168] The results of DRC are in file C:/Users/ASUS/Desktop/20_hs_dual_ad/hs_dual_ad.runs/impl_1/hs_dual_ad_drc_opted.rpt.
report_drc completed successfully
INFO: [Chipscope 16-240] Debug cores have already been implemented
Command: place_design
Attempting to get a license for feature 'Implementation' and/or device 'xc7z010'
INFO: [Common 17-349] Got license for feature 'Implementation' and/or device 'xc7z010'
INFO: [DRC 23-27] Running DRC with 2 threads
INFO: [Vivado_Tcl 4-198] DRC finished with 0 Errors
INFO: [Vivado_Tcl 4-199] Please refer to the DRC report (report_drc) for more information.
Running DRC as a precondition to command place_design
INFO: [DRC 23-27] Running DRC with 2 threads
INFO: [Vivado_Tcl 4-198] DRC finished with 0 Errors
INFO: [Vivado_Tcl 4-199] Please refer to the DRC report (report_drc) for more information.

Starting Placer Task
INFO: [Place 30-611] Multithreading enabled for place_design using a maximum of 2 CPUs

Phase 1 Placer Initialization

Phase 1.1 Placer Initialization Netlist Sorting
Netlist sorting complete. Time (s): cpu = 00:00:00 ; elapsed = 00:00:00.003 . Memory (MB): peak = 1594.320 ; gain = 0.000
Phase 1.1 Placer Initialization Netlist Sorting | Checksum: 14a30023d

Time (s): cpu = 00:00:00 ; elapsed = 00:00:00.005 . Memory (MB): peak = 1594.320 ; gain = 0.000
Netlist sorting complete. Time (s): cpu = 00:00:00 ; elapsed = 00:00:00.002 . Memory (MB): peak = 1594.320 ; gain = 0.000

Phase 1.2 IO Placement/ Clock Placement/ Build Placer Device
INFO: [Timing 38-35] Done setting XDC timing constraints.
Phase 1.2 IO Placement/ Clock Placement/ Build Placer Device | Checksum: ce84e885

Time (s): cpu = 00:00:00 ; elapsed = 00:00:00.465 . Memory (MB): peak = 1594.320 ; gain = 0.000

Phase 1.3 Build Placer Netlist Model
Phase 1.3 Build Placer Netlist Model | Checksum: 18a4c861e

Time (s): cpu = 00:00:01 ; elapsed = 00:00:00.878 . Memory (MB): peak = 1594.320 ; gain = 0.000

Phase 1.4 Constrain Clocks/Macros
Phase 1.4 Constrain Clocks/Macros | Checksum: 18a4c861e

Time (s): cpu = 00:00:01 ; elapsed = 00:00:00.883 . Memory (MB): peak = 1594.320 ; gain = 0.000
Phase 1 Placer Initialization | Checksum: 18a4c861e

Time (s): cpu = 00:00:01 ; elapsed = 00:00:00.886 . Memory (MB): peak = 1594.320 ; gain = 0.000

Phase 2 Global Placement

Phase 2.1 Floorplanning
Phase 2.1 Floorplanning | Checksum: 1a2d7f25d

Time (s): cpu = 00:00:01 ; elapsed = 00:00:00.981 . Memory (MB): peak = 1594.320 ; gain = 0.000

Phase 2.2 Physical Synthesis In Placer
INFO: [Physopt 32-65] No nets found for high-fanout optimization.
INFO: [Physopt 32-232] Optimized 0 net. Created 0 new instance.
INFO: [Physopt 32-775] End 1 Pass. Optimized 0 net or cell. Created 0 new cell, deleted 0 existing cell and moved 0 existing cell
INFO: [Physopt 32-670] No setup violation found.  DSP Register Optimization was not performed.
INFO: [Physopt 32-670] No setup violation found.  Shift Register Optimization was not performed.
INFO: [Physopt 32-670] No setup violation found.  BRAM Register Optimization was not performed.
INFO: [Physopt 32-949] No candidate nets found for HD net replication
INFO: [Physopt 32-775] End 1 Pass. Optimized 0 net or cell. Created 0 new cell, deleted 0 existing cell and moved 0 existing cell
Netlist sorting complete. Time (s): cpu = 00:00:00 ; elapsed = 00:00:00.002 . Memory (MB): peak = 1594.320 ; gain = 0.000

Summary of Physical Synthesis Optimizations
============================================


----------------------------------------------------------------------------------------------------------------------------------------
|  Optimization                  |  Added Cells  |  Removed Cells  |  Optimized Cells/Nets  |  Dont Touch  |  Iterations  |  Elapsed   |
----------------------------------------------------------------------------------------------------------------------------------------
|  Very High Fanout              |            0  |              0  |                     0  |           0  |           1  |  00:00:00  |
|  DSP Register                  |            0  |              0  |                     0  |           0  |           0  |  00:00:00  |
|  Shift Register                |            0  |              0  |                     0  |           0  |           0  |  00:00:00  |
|  BRAM Register                 |            0  |              0  |                     0  |           0  |           0  |  00:00:00  |
|  HD Interface Net Replication  |            0  |              0  |                     0  |           0  |           1  |  00:00:00  |
|  Total                         |            0  |              0  |                     0  |           0  |           2  |  00:00:00  |
----------------------------------------------------------------------------------------------------------------------------------------


Phase 2.2 Physical Synthesis In Placer | Checksum: da39f3bb

Time (s): cpu = 00:00:04 ; elapsed = 00:00:03 . Memory (MB): peak = 1594.320 ; gain = 0.000
Phase 2 Global Placement | Checksum: 101afaab8

Time (s): cpu = 00:00:04 ; elapsed = 00:00:03 . Memory (MB): peak = 1594.320 ; gain = 0.000

Phase 3 Detail Placement

Phase 3.1 Commit Multi Column Macros
Phase 3.1 Commit Multi Column Macros | Checksum: 101afaab8

Time (s): cpu = 00:00:04 ; elapsed = 00:00:03 . Memory (MB): peak = 1594.320 ; gain = 0.000

Phase 3.2 Commit Most Macros & LUTRAMs
Phase 3.2 Commit Most Macros & LUTRAMs | Checksum: 20f71de7e

Time (s): cpu = 00:00:04 ; elapsed = 00:00:03 . Memory (MB): peak = 1594.320 ; gain = 0.000

Phase 3.3 Area Swap Optimization
Phase 3.3 Area Swap Optimization | Checksum: 1ed2431c7

Time (s): cpu = 00:00:04 ; elapsed = 00:00:03 . Memory (MB): peak = 1594.320 ; gain = 0.000

Phase 3.4 Pipeline Register Optimization
Phase 3.4 Pipeline Register Optimization | Checksum: 173a76770

Time (s): cpu = 00:00:04 ; elapsed = 00:00:03 . Memory (MB): peak = 1594.320 ; gain = 0.000

Phase 3.5 Small Shape Detail Placement
Phase 3.5 Small Shape Detail Placement | Checksum: 159ac0a0b

Time (s): cpu = 00:00:05 ; elapsed = 00:00:03 . Memory (MB): peak = 1594.320 ; gain = 0.000

Phase 3.6 Re-assign LUT pins
Phase 3.6 Re-assign LUT pins | Checksum: 143418253

Time (s): cpu = 00:00:05 ; elapsed = 00:00:04 . Memory (MB): peak = 1594.320 ; gain = 0.000

Phase 3.7 Pipeline Register Optimization
Phase 3.7 Pipeline Register Optimization | Checksum: 83363283

Time (s): cpu = 00:00:05 ; elapsed = 00:00:04 . Memory (MB): peak = 1594.320 ; gain = 0.000
Phase 3 Detail Placement | Checksum: 83363283

Time (s): cpu = 00:00:05 ; elapsed = 00:00:04 . Memory (MB): peak = 1594.320 ; gain = 0.000

Phase 4 Post Placement Optimization and Clean-Up

Phase 4.1 Post Commit Optimization
INFO: [Timing 38-35] Done setting XDC timing constraints.

Phase 4.1.1 Post Placement Optimization
Post Placement Optimization Initialization | Checksum: 1305dfaef

Phase 4.1.1.1 BUFG Insertion
INFO: [Place 46-46] BUFG insertion identified 0 candidate nets, 0 success, 0 bufg driver replicated, 0 skipped for placement/routing, 0 skipped for timing, 0 skipped for netlist change reason
Phase 4.1.1.1 BUFG Insertion | Checksum: 1305dfaef

Time (s): cpu = 00:00:06 ; elapsed = 00:00:04 . Memory (MB): peak = 1594.320 ; gain = 0.000
INFO: [Place 30-746] Post Placement Timing Summary WNS=18.830. For the most accurate timing information please run report_timing.
Phase 4.1.1 Post Placement Optimization | Checksum: 16e752af4

Time (s): cpu = 00:00:06 ; elapsed = 00:00:04 . Memory (MB): peak = 1594.320 ; gain = 0.000
Phase 4.1 Post Commit Optimization | Checksum: 16e752af4

Time (s): cpu = 00:00:06 ; elapsed = 00:00:04 . Memory (MB): peak = 1594.320 ; gain = 0.000

Phase 4.2 Post Placement Cleanup
Phase 4.2 Post Placement Cleanup | Checksum: 16e752af4

Time (s): cpu = 00:00:06 ; elapsed = 00:00:04 . Memory (MB): peak = 1594.320 ; gain = 0.000

Phase 4.3 Placer Reporting
Phase 4.3 Placer Reporting | Checksum: 16e752af4

Time (s): cpu = 00:00:06 ; elapsed = 00:00:04 . Memory (MB): peak = 1594.320 ; gain = 0.000

Phase 4.4 Final Placement Cleanup
Netlist sorting complete. Time (s): cpu = 00:00:00 ; elapsed = 00:00:00.001 . Memory (MB): peak = 1594.320 ; gain = 0.000
Phase 4.4 Final Placement Cleanup | Checksum: 14cbf29d7

Time (s): cpu = 00:00:06 ; elapsed = 00:00:04 . Memory (MB): peak = 1594.320 ; gain = 0.000
Phase 4 Post Placement Optimization and Clean-Up | Checksum: 14cbf29d7

Time (s): cpu = 00:00:06 ; elapsed = 00:00:04 . Memory (MB): peak = 1594.320 ; gain = 0.000
Ending Placer Task | Checksum: 6636a8d9

Time (s): cpu = 00:00:06 ; elapsed = 00:00:04 . Memory (MB): peak = 1594.320 ; gain = 0.000
INFO: [Common 17-83] Releasing license: Implementation
74 Infos, 1 Warnings, 3 Critical Warnings and 0 Errors encountered.
place_design completed successfully
Netlist sorting complete. Time (s): cpu = 00:00:00 ; elapsed = 00:00:00.001 . Memory (MB): peak = 1594.320 ; gain = 0.000
INFO: [Timing 38-480] Writing timing data to binary archive.
Writing placer database...
Netlist sorting complete. Time (s): cpu = 00:00:00 ; elapsed = 00:00:00.002 . Memory (MB): peak = 1594.320 ; gain = 0.000
Writing XDEF routing.
Writing XDEF routing logical nets.
Writing XDEF routing special nets.
Write XDEF Complete: Time (s): cpu = 00:00:01 ; elapsed = 00:00:00.233 . Memory (MB): peak = 1594.320 ; gain = 0.000
INFO: [Common 17-1381] The checkpoint 'C:/Users/ASUS/Desktop/20_hs_dual_ad/hs_dual_ad.runs/impl_1/hs_dual_ad_placed.dcp' has been generated.
INFO: [runtcl-4] Executing : report_io -file hs_dual_ad_io_placed.rpt
report_io: Time (s): cpu = 00:00:00 ; elapsed = 00:00:00.038 . Memory (MB): peak = 1594.320 ; gain = 0.000
INFO: [runtcl-4] Executing : report_utilization -file hs_dual_ad_utilization_placed.rpt -pb hs_dual_ad_utilization_placed.pb
INFO: [runtcl-4] Executing : report_control_sets -verbose -file hs_dual_ad_control_sets_placed.rpt
report_control_sets: Time (s): cpu = 00:00:00 ; elapsed = 00:00:00.011 . Memory (MB): peak = 1594.320 ; gain = 0.000
Command: route_design
Attempting to get a license for feature 'Implementation' and/or device 'xc7z010'
INFO: [Common 17-349] Got license for feature 'Implementation' and/or device 'xc7z010'
Running DRC as a precondition to command route_design
INFO: [DRC 23-27] Running DRC with 2 threads
INFO: [Vivado_Tcl 4-198] DRC finished with 0 Errors
INFO: [Vivado_Tcl 4-199] Please refer to the DRC report (report_drc) for more information.


Starting Routing Task
INFO: [Route 35-254] Multithreading enabled for route_design using a maximum of 2 CPUs
Checksum: PlaceDB: 5a710bec ConstDB: 0 ShapeSum: bc59ced RouteDB: 0

Phase 1 Build RT Design
Phase 1 Build RT Design | Checksum: 1855c2972

Time (s): cpu = 00:00:09 ; elapsed = 00:00:08 . Memory (MB): peak = 1594.320 ; gain = 0.000
Post Restoration Checksum: NetGraph: d639ae33 NumContArr: af227b3f Constraints: 0 Timing: 0

Phase 2 Router Initialization

Phase 2.1 Create Timer
Phase 2.1 Create Timer | Checksum: 1855c2972

Time (s): cpu = 00:00:09 ; elapsed = 00:00:08 . Memory (MB): peak = 1594.320 ; gain = 0.000

Phase 2.2 Fix Topology Constraints
Phase 2.2 Fix Topology Constraints | Checksum: 1855c2972

Time (s): cpu = 00:00:09 ; elapsed = 00:00:08 . Memory (MB): peak = 1594.320 ; gain = 0.000

Phase 2.3 Pre Route Cleanup
Phase 2.3 Pre Route Cleanup | Checksum: 1855c2972

Time (s): cpu = 00:00:09 ; elapsed = 00:00:08 . Memory (MB): peak = 1594.320 ; gain = 0.000
 Number of Nodes with overlaps = 0

Phase 2.4 Update Timing
Phase 2.4 Update Timing | Checksum: 135cefd04

Time (s): cpu = 00:00:09 ; elapsed = 00:00:09 . Memory (MB): peak = 1594.320 ; gain = 0.000
INFO: [Route 35-416] Intermediate Timing Summary | WNS=18.951 | TNS=0.000  | WHS=-0.193 | THS=-72.088|


Phase 2.5 Update Timing for Bus Skew

Phase 2.5.1 Update Timing
Phase 2.5.1 Update Timing | Checksum: edc96c0c

Time (s): cpu = 00:00:10 ; elapsed = 00:00:09 . Memory (MB): peak = 1594.320 ; gain = 0.000
INFO: [Route 35-416] Intermediate Timing Summary | WNS=18.951 | TNS=0.000  | WHS=N/A    | THS=N/A    |

Phase 2.5 Update Timing for Bus Skew | Checksum: 12508d271

Time (s): cpu = 00:00:10 ; elapsed = 00:00:09 . Memory (MB): peak = 1594.320 ; gain = 0.000
Phase 2 Router Initialization | Checksum: 10df6b1a6

Time (s): cpu = 00:00:10 ; elapsed = 00:00:09 . Memory (MB): peak = 1594.320 ; gain = 0.000

Phase 3 Initial Routing
Phase 3 Initial Routing | Checksum: 221a32997

Time (s): cpu = 00:00:10 ; elapsed = 00:00:09 . Memory (MB): peak = 1594.320 ; gain = 0.000

Phase 4 Rip-up And Reroute

Phase 4.1 Global Iteration 0
 Number of Nodes with overlaps = 193
 Number of Nodes with overlaps = 0
INFO: [Route 35-416] Intermediate Timing Summary | WNS=17.726 | TNS=0.000  | WHS=N/A    | THS=N/A    |

Phase 4.1 Global Iteration 0 | Checksum: 133f5561b

Time (s): cpu = 00:00:11 ; elapsed = 00:00:10 . Memory (MB): peak = 1594.320 ; gain = 0.000

Phase 4.2 Global Iteration 1
 Number of Nodes with overlaps = 2
 Number of Nodes with overlaps = 0
INFO: [Route 35-416] Intermediate Timing Summary | WNS=17.726 | TNS=0.000  | WHS=N/A    | THS=N/A    |

Phase 4.2 Global Iteration 1 | Checksum: 1eae72e52

Time (s): cpu = 00:00:11 ; elapsed = 00:00:10 . Memory (MB): peak = 1594.320 ; gain = 0.000
Phase 4 Rip-up And Reroute | Checksum: 1eae72e52

Time (s): cpu = 00:00:11 ; elapsed = 00:00:10 . Memory (MB): peak = 1594.320 ; gain = 0.000

Phase 5 Delay and Skew Optimization

Phase 5.1 Delay CleanUp

Phase 5.1.1 Update Timing
Phase 5.1.1 Update Timing | Checksum: 14ed6a42e

Time (s): cpu = 00:00:11 ; elapsed = 00:00:10 . Memory (MB): peak = 1594.320 ; gain = 0.000
INFO: [Route 35-416] Intermediate Timing Summary | WNS=17.739 | TNS=0.000  | WHS=N/A    | THS=N/A    |

Phase 5.1 Delay CleanUp | Checksum: 13a9ae25f

Time (s): cpu = 00:00:11 ; elapsed = 00:00:10 . Memory (MB): peak = 1594.320 ; gain = 0.000

Phase 5.2 Clock Skew Optimization
Phase 5.2 Clock Skew Optimization | Checksum: 13a9ae25f

Time (s): cpu = 00:00:11 ; elapsed = 00:00:10 . Memory (MB): peak = 1594.320 ; gain = 0.000
Phase 5 Delay and Skew Optimization | Checksum: 13a9ae25f

Time (s): cpu = 00:00:11 ; elapsed = 00:00:10 . Memory (MB): peak = 1594.320 ; gain = 0.000

Phase 6 Post Hold Fix

Phase 6.1 Hold Fix Iter

Phase 6.1.1 Update Timing
Phase 6.1.1 Update Timing | Checksum: 15a8916ae

Time (s): cpu = 00:00:11 ; elapsed = 00:00:10 . Memory (MB): peak = 1594.320 ; gain = 0.000
INFO: [Route 35-416] Intermediate Timing Summary | WNS=17.739 | TNS=0.000  | WHS=0.041  | THS=0.000  |

Phase 6.1 Hold Fix Iter | Checksum: 1a7155463

Time (s): cpu = 00:00:11 ; elapsed = 00:00:10 . Memory (MB): peak = 1594.320 ; gain = 0.000
Phase 6 Post Hold Fix | Checksum: 1a7155463

Time (s): cpu = 00:00:11 ; elapsed = 00:00:10 . Memory (MB): peak = 1594.320 ; gain = 0.000

Phase 7 Route finalize

Router Utilization Summary
  Global Vertical Routing Utilization    = 0.907798 %
  Global Horizontal Routing Utilization  = 1.33456 %
  Routable Net Status*
  *Does not include unroutable nets such as driverless and loadless.
  Run report_route_status for detailed report.
  Number of Failed Nets               = 0
  Number of Unrouted Nets             = 0
  Number of Partially Routed Nets     = 0
  Number of Node Overlaps             = 0

Phase 7 Route finalize | Checksum: 1223e01e1

Time (s): cpu = 00:00:11 ; elapsed = 00:00:10 . Memory (MB): peak = 1594.320 ; gain = 0.000

Phase 8 Verifying routed nets

 Verification completed successfully
Phase 8 Verifying routed nets | Checksum: 1223e01e1

Time (s): cpu = 00:00:11 ; elapsed = 00:00:10 . Memory (MB): peak = 1594.320 ; gain = 0.000

Phase 9 Depositing Routes
Phase 9 Depositing Routes | Checksum: 1152d7507

Time (s): cpu = 00:00:11 ; elapsed = 00:00:10 . Memory (MB): peak = 1594.320 ; gain = 0.000

Phase 10 Post Router Timing
INFO: [Route 35-57] Estimated Timing Summary | WNS=17.739 | TNS=0.000  | WHS=0.041  | THS=0.000  |

INFO: [Route 35-327] The final timing numbers are based on the router estimated timing analysis. For a complete and accurate timing signoff, please run report_timing_summary.
Phase 10 Post Router Timing | Checksum: 1152d7507

Time (s): cpu = 00:00:11 ; elapsed = 00:00:10 . Memory (MB): peak = 1594.320 ; gain = 0.000
INFO: [Route 35-16] Router Completed Successfully

Time (s): cpu = 00:00:11 ; elapsed = 00:00:10 . Memory (MB): peak = 1594.320 ; gain = 0.000

Routing Is Done.
INFO: [Common 17-83] Releasing license: Implementation
94 Infos, 1 Warnings, 3 Critical Warnings and 0 Errors encountered.
route_design completed successfully
route_design: Time (s): cpu = 00:00:13 ; elapsed = 00:00:11 . Memory (MB): peak = 1594.320 ; gain = 0.000
Netlist sorting complete. Time (s): cpu = 00:00:00 ; elapsed = 00:00:00.002 . Memory (MB): peak = 1594.320 ; gain = 0.000
INFO: [Timing 38-480] Writing timing data to binary archive.
Writing placer database...
Netlist sorting complete. Time (s): cpu = 00:00:00 ; elapsed = 00:00:00.002 . Memory (MB): peak = 1594.320 ; gain = 0.000
Writing XDEF routing.
Writing XDEF routing logical nets.
Writing XDEF routing special nets.
Write XDEF Complete: Time (s): cpu = 00:00:01 ; elapsed = 00:00:00.272 . Memory (MB): peak = 1594.320 ; gain = 0.000
INFO: [Common 17-1381] The checkpoint 'C:/Users/ASUS/Desktop/20_hs_dual_ad/hs_dual_ad.runs/impl_1/hs_dual_ad_routed.dcp' has been generated.
INFO: [runtcl-4] Executing : report_drc -file hs_dual_ad_drc_routed.rpt -pb hs_dual_ad_drc_routed.pb -rpx hs_dual_ad_drc_routed.rpx
Command: report_drc -file hs_dual_ad_drc_routed.rpt -pb hs_dual_ad_drc_routed.pb -rpx hs_dual_ad_drc_routed.rpx
INFO: [IP_Flow 19-1839] IP Catalog is up to date.
INFO: [DRC 23-27] Running DRC with 2 threads
INFO: [Coretcl 2-168] The results of DRC are in file C:/Users/ASUS/Desktop/20_hs_dual_ad/hs_dual_ad.runs/impl_1/hs_dual_ad_drc_routed.rpt.
report_drc completed successfully
INFO: [runtcl-4] Executing : report_methodology -file hs_dual_ad_methodology_drc_routed.rpt -pb hs_dual_ad_methodology_drc_routed.pb -rpx hs_dual_ad_methodology_drc_routed.rpx
Command: report_methodology -file hs_dual_ad_methodology_drc_routed.rpt -pb hs_dual_ad_methodology_drc_routed.pb -rpx hs_dual_ad_methodology_drc_routed.rpx
INFO: [Timing 38-35] Done setting XDC timing constraints.
INFO: [DRC 23-133] Running Methodology with 2 threads
INFO: [Coretcl 2-1520] The results of Report Methodology are in file C:/Users/ASUS/Desktop/20_hs_dual_ad/hs_dual_ad.runs/impl_1/hs_dual_ad_methodology_drc_routed.rpt.
report_methodology completed successfully
INFO: [runtcl-4] Executing : report_power -file hs_dual_ad_power_routed.rpt -pb hs_dual_ad_power_summary_routed.pb -rpx hs_dual_ad_power_routed.rpx
Command: report_power -file hs_dual_ad_power_routed.rpt -pb hs_dual_ad_power_summary_routed.pb -rpx hs_dual_ad_power_routed.rpx
INFO: [Timing 38-35] Done setting XDC timing constraints.
Running Vector-less Activity Propagation...

Finished Running Vector-less Activity Propagation
106 Infos, 1 Warnings, 3 Critical Warnings and 0 Errors encountered.
report_power completed successfully
INFO: [runtcl-4] Executing : report_route_status -file hs_dual_ad_route_status.rpt -pb hs_dual_ad_route_status.pb
INFO: [runtcl-4] Executing : report_timing_summary -max_paths 10 -file hs_dual_ad_timing_summary_routed.rpt -pb hs_dual_ad_timing_summary_routed.pb -rpx hs_dual_ad_timing_summary_routed.rpx -warn_on_violation 
INFO: [Timing 38-91] UpdateTimingParams: Speed grade: -1, Delay Type: min_max.
INFO: [Timing 38-191] Multithreading enabled for timing update using a maximum of 2 CPUs
WARNING: [Timing 38-436] There are set_bus_skew constraint(s) in this design. Please run report_bus_skew to ensure that bus skew requirements are met.
INFO: [runtcl-4] Executing : report_incremental_reuse -file hs_dual_ad_incremental_reuse_routed.rpt
INFO: [Vivado_Tcl 4-1062] Incremental flow is disabled. No incremental reuse Info to report.
INFO: [runtcl-4] Executing : report_clock_utilization -file hs_dual_ad_clock_utilization_routed.rpt
INFO: [runtcl-4] Executing : report_bus_skew -warn_on_violation -file hs_dual_ad_bus_skew_routed.rpt -pb hs_dual_ad_bus_skew_routed.pb -rpx hs_dual_ad_bus_skew_routed.rpx
INFO: [Timing 38-91] UpdateTimingParams: Speed grade: -1, Delay Type: min_max.
INFO: [Timing 38-191] Multithreading enabled for timing update using a maximum of 2 CPUs
Command: write_bitstream -force hs_dual_ad.bit
Attempting to get a license for feature 'Implementation' and/or device 'xc7z010'
INFO: [Common 17-349] Got license for feature 'Implementation' and/or device 'xc7z010'
Running DRC as a precondition to command write_bitstream
INFO: [IP_Flow 19-1839] IP Catalog is up to date.
INFO: [DRC 23-27] Running DRC with 2 threads
WARNING: [DRC RTSTAT-10] No routable loads: 25 net(s) have no routable loads. The problem bus(es) and/or net(s) are dbg_hub/inst/BSCANID.u_xsdbm_id/CORE_XSDB.UUT_MASTER/U_ICON_INTERFACE/U_CMD6_RD/U_RD_FIFO/SUBCORE_FIFO.xsdbm_v3_0_0_rdfifo_inst/inst_fifo_gen/gconvfifo.rf/grf.rf/gntv_or_sync_fifo.gl0.rd/gr1.gr1_int.rfwft/aempty_fwft_i, dbg_hub/inst/BSCANID.u_xsdbm_id/CORE_XSDB.UUT_MASTER/U_ICON_INTERFACE/U_CMD7_CTL/ctl_reg[2:0], dbg_hub/inst/BSCANID.u_xsdbm_id/CORE_XSDB.UUT_MASTER/U_ICON_INTERFACE/U_CMD1/ctl_reg_en_2[1], dbg_hub/inst/BSCANID.u_xsdbm_id/CORE_XSDB.UUT_MASTER/U_ICON_INTERFACE/U_CMD7_CTL/ctl_reg_en_2[1], dbg_hub/inst/BSCANID.u_xsdbm_id/SWITCH_N_EXT_BSCAN.bscan_switch/m_bscan_capture[0], dbg_hub/inst/BSCANID.u_xsdbm_id/SWITCH_N_EXT_BSCAN.bscan_switch/m_bscan_drck[0], dbg_hub/inst/BSCANID.u_xsdbm_id/SWITCH_N_EXT_BSCAN.bscan_switch/m_bscan_runtest[0], dbg_hub/inst/BSCANID.u_xsdbm_id/CORE_XSDB.UUT_MASTER/U_ICON_INTERFACE/U_CMD6_WR/U_WR_FIFO/SUBCORE_FIFO.xsdbm_v3_0_0_wrfifo_inst/inst_fifo_gen/gconvfifo.rf/grf.rf/gntv_or_sync_fifo.gl0.wr/gwhf.whf/overflow, dbg_hub/inst/BSCANID.u_xsdbm_id/CORE_XSDB.UUT_MASTER/U_ICON_INTERFACE/U_CMD6_RD/U_RD_FIFO/SUBCORE_FIFO.xsdbm_v3_0_0_rdfifo_inst/inst_fifo_gen/gconvfifo.rf/grf.rf/gntv_or_sync_fifo.gl0.wr/gwhf.whf/overflow, dbg_hub/inst/BSCANID.u_xsdbm_id/CORE_XSDB.UUT_MASTER/U_ICON_INTERFACE/U_CMD6_RD/U_RD_FIFO/SUBCORE_FIFO.xsdbm_v3_0_0_rdfifo_inst/inst_fifo_gen/gconvfifo.rf/grf.rf/gntv_or_sync_fifo.gl0.rd/gras.rsts/ram_empty_i, dbg_hub/inst/BSCANID.u_xsdbm_id/CORE_XSDB.UUT_MASTER/U_ICON_INTERFACE/U_CMD6_WR/U_WR_FIFO/SUBCORE_FIFO.xsdbm_v3_0_0_wrfifo_inst/inst_fifo_gen/gconvfifo.rf/grf.rf/gntv_or_sync_fifo.gl0.wr/gwas.wsts/ram_full_i, dbg_hub/inst/BSCANID.u_xsdbm_id/CORE_XSDB.UUT_MASTER/U_ICON_INTERFACE/U_CMD6_WR/U_WR_FIFO/SUBCORE_FIFO.xsdbm_v3_0_0_wrfifo_inst/inst_fifo_gen/gconvfifo.rf/grf.rf/rstblk/rd_rst_reg[0], dbg_hub/inst/BSCANID.u_xsdbm_id/SWITCH_N_EXT_BSCAN.bscan_inst/s_bscan_tms, u_ila_0/inst/ila_core_inst/u_ila_regs/U_XSDB_SLAVE/s_daddr_o[13], u_ila_0/inst/ila_core_inst/u_ila_regs/U_XSDB_SLAVE/s_daddr_o[14]... and (the first 15 of 23 listed).
WARNING: [DRC ZPS7-1] PS7 block required: The PS7 cell must be used in this Zynq design in order to enable correct default configuration.
INFO: [Vivado 12-3199] DRC finished with 0 Errors, 2 Warnings
INFO: [Vivado 12-3200] Please refer to the DRC report (report_drc) for more information.
INFO: [Designutils 20-2272] Running write_bitstream with 2 threads.
Loading data files...
Loading site data...
Loading route data...
Processing options...
Creating bitmap...
Creating bitstream...
Writing bitstream ./hs_dual_ad.bit...
INFO: [Vivado 12-1842] Bitgen Completed Successfully.
INFO: [Project 1-120] WebTalk data collection is mandatory when using a WebPACK part without a full Vivado license. To see the specific WebTalk data collected for your design, open the usage_statistics_webtalk.html or usage_statistics_webtalk.xml file in the implementation directory.
INFO: [Common 17-83] Releasing license: Implementation
125 Infos, 4 Warnings, 3 Critical Warnings and 0 Errors encountered.
write_bitstream completed successfully
write_bitstream: Time (s): cpu = 00:00:10 ; elapsed = 00:00:17 . Memory (MB): peak = 2017.258 ; gain = 404.676
INFO: [Common 17-206] Exiting Vivado at Tue Aug 10 15:18:06 2021...
