#-----------------------------------------------------------
# Vivado v2018.3 (64-bit)
# SW Build 2405991 on Thu Dec  6 23:38:27 MST 2018
# IP Build 2404404 on Fri Dec  7 01:43:56 MST 2018
# Start of session at: Mon Aug  9 14:57:22 2021
# Process ID: 15648
# Current directory: D:/top_matrix_keyboard
# Command line: vivado.exe -gui_launcher_event rodinguilauncherevent21316 D:\top_matrix_keyboard\top_matrix_keyboard.xpr
# Log file: D:/top_matrix_keyboard/vivado.log
# Journal file: D:/top_matrix_keyboard\vivado.jou
#-----------------------------------------------------------
start_gui
open_project D:/top_matrix_keyboard/top_matrix_keyboard.xpr
INFO: [Project 1-313] Project file moved from 'C:/Users/ASUS/Desktop/top_matrix_keyboard' since last save.
Scanning sources...
Finished scanning sources
INFO: [IP_Flow 19-234] Refreshing IP repositories
INFO: [IP_Flow 19-1704] No user IP repositories specified
INFO: [IP_Flow 19-2313] Loaded Vivado IP repository 'E:/xilinx/Vivado/2018.3/data/ip'.
update_compile_order -fileset sources_1
create_run synth_2 -flow {Vivado Synthesis 2018} -strategy {Vivado Synthesis Defaults} -report_strategy {Vivado Synthesis Default Reports}
Run is defaulting to srcset: sources_1
Run is defaulting to constrset: constrs_1
Run is defaulting to part: xc7z020clg400-2
current_run [get_runs synth_2]
set_property part xc7z010clg400-1 [current_project]
launch_runs impl_2 -to_step write_bitstream -jobs 8
[Mon Aug  9 14:59:00 2021] Launched synth_2...
Run output will be captured here: D:/top_matrix_keyboard/top_matrix_keyboard.runs/synth_2/runme.log
[Mon Aug  9 14:59:00 2021] Launched impl_2...
Run output will be captured here: D:/top_matrix_keyboard/top_matrix_keyboard.runs/impl_2/runme.log
open_hw
connect_hw_server
INFO: [Labtools 27-2285] Connecting to hw_server url TCP:localhost:3121
INFO: [Labtools 27-2222] Launching hw_server...
INFO: [Labtools 27-2221] Launch Output:

****** Xilinx hw_server v2018.3
  **** Build date : Dec  7 2018-00:40:27
    ** Copyright 1986-2018 Xilinx, Inc. All Rights Reserved.


open_hw_target
INFO: [Labtoolstcl 44-466] Opening hw_target localhost:3121/xilinx_tcf/Digilent/210512180081
set_property PROGRAM.FILE {D:/top_matrix_keyboard/top_matrix_keyboard.runs/impl_2/top_matrix_keyboard.bit} [get_hw_devices xc7z010_1]
current_hw_device [get_hw_devices xc7z010_1]
refresh_hw_device -update_hw_probes false [lindex [get_hw_devices xc7z010_1] 0]
INFO: [Labtools 27-1435] Device xc7z010 (JTAG device index = 1) is not programmed (DONE status = 0).
set_property PROBES.FILE {} [get_hw_devices xc7z010_1]
set_property FULL_PROBES.FILE {} [get_hw_devices xc7z010_1]
set_property PROGRAM.FILE {D:/top_matrix_keyboard/top_matrix_keyboard.runs/impl_2/top_matrix_keyboard.bit} [get_hw_devices xc7z010_1]
program_hw_devices [get_hw_devices xc7z010_1]
INFO: [Labtools 27-3164] End of startup status: HIGH
refresh_hw_device [lindex [get_hw_devices xc7z010_1] 0]
INFO: [Labtools 27-1434] Device xc7z010 (JTAG device index = 1) is programmed with a design that has no supported debug core(s) in it.
exit
INFO: [Common 17-206] Exiting Vivado at Mon Aug  9 15:00:53 2021...
